\BOOKMARK [0][-]{chapter.1}{M\351todo East-West}{}% 1
\BOOKMARK [1][-]{section.1.1}{Descripci\363n de una anisotrop\355a dipolar}{chapter.1}% 2
\BOOKMARK [2][-]{subsection.1.1.1}{Representaci\363n en coordenadas locales de la anisotrop\355a dipolar}{section.1.1}% 3
\BOOKMARK [1][-]{section.1.2}{Descripci\363n formal del m\351todo East-West}{chapter.1}% 4
\BOOKMARK [2][-]{subsection.1.2.1}{Flujo de eventos del Este y Oeste}{section.1.2}% 5
\BOOKMARK [2][-]{subsection.1.2.2}{Aproximaciones del m\351todo}{section.1.2}% 6
\BOOKMARK [2][-]{subsection.1.2.3}{C\341lculo de la diferencia de tasas}{section.1.2}% 7
\BOOKMARK [1][-]{section.1.3}{Estimaci\363n de la componente ecuatorial del dipolo mediante el an\341lisis del primer arm\363nico}{chapter.1}% 8
\BOOKMARK [1][-]{section.1.4}{C\341lculo de la amplitud del dipolo para la frecuencia sid\351rea con el m\351todo East-West}{chapter.1}% 9
\BOOKMARK [1][-]{section.1.5}{C\363mo se hace el c\341lculo para frecuencias arbitrarias}{chapter.1}% 10
\BOOKMARK [1][-]{section.1.6}{Verificaci\363n del c\363digo}{chapter.1}% 11
\BOOKMARK [2][-]{subsection.1.6.1}{Comparaci\363n con el trabajo Aab2020 de la colaboraci\363n}{section.1.6}% 12
\BOOKMARK [2][-]{subsection.1.6.2}{Tabla comparando con Right ascension}{section.1.6}% 13
\BOOKMARK [0][-]{chapter.2}{Distribuci\363n de probabilidad de la amplitud y fase del dipolo}{}% 14
\BOOKMARK [1][-]{section.2.1}{Distribuci\363n de probabilidad de la amplitud}{chapter.2}% 15
\BOOKMARK [2][-]{subsection.2.1.1}{Haciendo la cuenta de los m\341rgenes de confianza de la amplitud}{section.2.1}% 16
\BOOKMARK [1][-]{section.2.2}{Distribuci\363n de probabilidad de la fase del dipolo}{chapter.2}% 17
\BOOKMARK [0][-]{chapter.3}{Resultados del m\351todo East - West}{}% 18
\BOOKMARK [1][-]{section.3.1}{Resultados en distintos rangos de energ\355a}{chapter.3}% 19
\BOOKMARK [2][-]{subsection.3.1.1}{Resultados en el rango 0.25 EeV - 0.5 EeV}{section.3.1}% 20
\BOOKMARK [2][-]{subsection.3.1.2}{Resultados en el rango 0.5 EeV - 1 EeV}{section.3.1}% 21
\BOOKMARK [2][-]{subsection.3.1.3}{Resultados en el rango 1 EeV - 2 EeV}{section.3.1}% 22
\BOOKMARK [1][-]{section.3.2}{Gr\341ficos}{chapter.3}% 23
\BOOKMARK [0][-]{chapter.4}{Esto va a ir en otro cap\355tulo que todav\355a no arm\351}{}% 24
\BOOKMARK [1][-]{section.4.1}{Comparando resultados entre m\351todos para barridos de frecuencias}{chapter.4}% 25
\BOOKMARK [1][-]{section.4.2}{Verificaci\363n del c\363digo escrito durante la maestr\355a}{chapter.4}% 26
\BOOKMARK [1][-]{section.4.3}{Comparando amplitud en funci\363n de la frecuencia}{chapter.4}% 27
\BOOKMARK [0][-]{section*.26}{Bibliograf\355a}{}% 28
