\BOOKMARK [0][-]{section*.1}{\315ndice de s\355mbolos}{}% 1
\BOOKMARK [0][-]{section*.3}{\315ndice de contenidos}{}% 2
\BOOKMARK [0][-]{section*.5}{\315ndice de figuras}{}% 3
\BOOKMARK [0][-]{section*.7}{Resumen}{}% 4
\BOOKMARK [0][-]{chapter.1}{Introducci\363n}{}% 5
\BOOKMARK [0][-]{chapter.2}{Rayos c\363smicos}{}% 6
\BOOKMARK [1][-]{section.2.1}{Espectro de energ\355as}{chapter.2}% 7
\BOOKMARK [1][-]{section.2.2}{Lluvias atmosf\351ricas extendidas}{chapter.2}% 8
\BOOKMARK [0][-]{chapter.3}{El Observatorio Pierre Auger}{}% 9
\BOOKMARK [1][-]{section.3.1}{Introducci\363n}{chapter.3}% 10
\BOOKMARK [1][-]{section.3.2}{Detecci\363n de Rayos C\363smicos}{chapter.3}% 11
\BOOKMARK [2][-]{subsection.3.2.1}{ El detector de superficie y el detector de Fluorescencia}{section.3.2}% 12
\BOOKMARK [2][-]{subsection.3.2.2}{Dise\361o h\355brido}{section.3.2}% 13
\BOOKMARK [1][-]{section.3.3}{Reconstrucci\363n de eventos de los detectores de superficie}{chapter.3}% 14
\BOOKMARK [2][-]{subsection.3.3.1}{Selecci\363n de eventos}{section.3.3}% 15
\BOOKMARK [2][-]{subsection.3.3.2}{Reconstrucci\363n de las lluvias}{section.3.3}% 16
\BOOKMARK [2][-]{subsection.3.3.3}{Calibraci\363n de la energ\355a}{section.3.3}% 17
\BOOKMARK [2][-]{subsection.3.3.4}{Monitoreo del clima}{section.3.3}% 18
\BOOKMARK [0][-]{chapter.4}{Registro de eventos}{}% 19
\BOOKMARK [1][-]{section.4.1}{Acerca de todos los disparos del SD}{chapter.4}% 20
\BOOKMARK [1][-]{section.4.2}{Acerca de los eventos}{chapter.4}% 21
\BOOKMARK [2][-]{subsection.4.2.1}{Acerca del registro de hex\341gonos}{section.4.2}% 22
\BOOKMARK [1][-]{section.4.3}{Acerca de la tesis de licenciatura}{chapter.4}% 23
\BOOKMARK [0][-]{chapter.5}{Modulaci\363n del clima para el archivo de todos los disparos en el rango 2014-2020 }{}% 24
\BOOKMARK [1][-]{section.5.1}{Pesos de los hex\341gonos}{chapter.5}% 25
\BOOKMARK [1][-]{section.5.2}{Anisotrop\355a}{chapter.5}% 26
\BOOKMARK [2][-]{subsection.5.2.1}{Lista detallada de los filtros aplicados de datos del herald}{section.5.2}% 27
\BOOKMARK [2][-]{subsection.5.2.2}{An\341lisis en frecuencia}{section.5.2}% 28
\BOOKMARK [1][-]{section.5.3}{Correcci\363n del clima}{chapter.5}% 29
\BOOKMARK [0][-]{chapter.6}{An\341lisis de los efectos del clima sobre los datos del Observatorio Pierre Auger}{}% 30
\BOOKMARK [1][-]{section.6.1}{La f\355sica detr\341s de la modulaci\363n del clima}{chapter.6}% 31
\BOOKMARK [2][-]{subsection.6.1.1}{Trabajos anteriores}{section.6.1}% 32
\BOOKMARK [2][-]{subsection.6.1.2}{Condiciones clim\341ticas y \341rea activa del observatorio Pierre Auger}{section.6.1}% 33
\BOOKMARK [1][-]{section.6.2}{Resultados para el arreglo de detectores de superficie de 1500m de distancia}{chapter.6}% 34
\BOOKMARK [2][-]{subsection.6.2.1}{Datos presentados en la ICRC 2015}{section.6.2}% 35
\BOOKMARK [2][-]{subsection.6.2.2}{Datos presentados en la ICRC 2019}{section.6.2}% 36
\BOOKMARK [2][-]{subsection.6.2.3}{Datos presentados en la ICRC 2019 usando S38 sin corregir por el clima}{section.6.2}% 37
\BOOKMARK [2][-]{subsection.6.2.4}{Datos presentados en la ICRC 2019 usando la energ\355a reconstruida en este trabajo}{section.6.2}% 38
\BOOKMARK [1][-]{section.6.3}{Trabajos futuros}{chapter.6}% 39
\BOOKMARK [0][-]{chapter.7}{Anisotrop\355as en las direcciones de arribo de los rayos c\363smicos}{}% 40
\BOOKMARK [1][-]{section.7.1}{Introducci\363n}{chapter.7}% 41
\BOOKMARK [1][-]{section.7.2}{M\351todos}{chapter.7}% 42
\BOOKMARK [2][-]{subsection.7.2.1}{Exposici\363n del detector}{section.7.2}% 43
\BOOKMARK [2][-]{subsection.7.2.2}{An\341lisis en ascensi\363n recta}{section.7.2}% 44
\BOOKMARK [1][-]{section.7.3}{Caracter\355sticas de los datos}{chapter.7}% 45
\BOOKMARK [1][-]{section.7.4}{Anisotrop\355as en ascensi\363n recta en los archivos del ICRC 2017 y ICRC 2019}{chapter.7}% 46
\BOOKMARK [2][-]{subsection.7.4.1}{Eventos por encima de 8 EeV }{section.7.4}% 47
\BOOKMARK [1][-]{section.7.5}{Anisotrop\355as en ascensi\363n recta en los archivos con todos los disparos}{chapter.7}% 48
\BOOKMARK [2][-]{subsection.7.5.1}{Caracter\355sticas de los archivos de datos analizados}{section.7.5}% 49
\BOOKMARK [2][-]{subsection.7.5.2}{Eventos por encima de 1 EeV }{section.7.5}% 50
\BOOKMARK [0][-]{chapter.8}{M\351todo Rayleigh}{}% 51
\BOOKMARK [1][-]{section.8.1}{C\341lculo de los coeficientes de Fourier para el an\341lisis de anisotrop\355a en ascensi\363n recta}{chapter.8}% 52
\BOOKMARK [2][-]{subsection.8.1.1}{Variaciones relativas de los hex\341gonos}{section.8.1}% 53
\BOOKMARK [2][-]{subsection.8.1.2}{C\341lculo de Rayleigh en ascensi\363n recta para una frecuencia dada}{section.8.1}% 54
\BOOKMARK [0][-]{chapter.9}{Resultados del m\351todo Rayleigh en el rango 1 EeV - 2 EeV}{}% 55
\BOOKMARK [1][-]{section.9.1}{Caracter\355sticas del conjunto de datos}{chapter.9}% 56
\BOOKMARK [2][-]{subsection.9.1.1}{Pesos de los eventos para frecuencias de referencia}{section.9.1}% 57
\BOOKMARK [1][-]{section.9.2}{An\341lisis de anisotrop\355as en ascensi\363n recta para el primer arm\363nico}{chapter.9}% 58
\BOOKMARK [2][-]{subsection.9.2.1}{Trabajo a futuro}{section.9.2}% 59
\BOOKMARK [0][-]{chapter.10}{M\351todo East-West}{}% 60
\BOOKMARK [1][-]{section.10.1}{Descripci\363n de una anisotrop\355a dipolar}{chapter.10}% 61
\BOOKMARK [2][-]{subsection.10.1.1}{Representaci\363n en coordenadas locales de la anisotrop\355a dipolar}{section.10.1}% 62
\BOOKMARK [1][-]{section.10.2}{Descripci\363n formal del m\351todo East-West}{chapter.10}% 63
\BOOKMARK [2][-]{subsection.10.2.1}{Flujo de eventos del Este y Oeste}{section.10.2}% 64
\BOOKMARK [2][-]{subsection.10.2.2}{Aproximaciones del m\351todo}{section.10.2}% 65
\BOOKMARK [2][-]{subsection.10.2.3}{C\341lculo de la diferencia de flujos}{section.10.2}% 66
\BOOKMARK [1][-]{section.10.3}{Estimaci\363n de la componente ecuatorial del dipolo mediante el an\341lisis del primer arm\363nico}{chapter.10}% 67
\BOOKMARK [2][-]{subsection.10.3.1}{C\341lculo de la amplitud del dipolo para los eventos de Todos los Disparos}{section.10.3}% 68
\BOOKMARK [1][-]{section.10.4}{Verificaci\363n del c\363digo}{chapter.10}% 69
\BOOKMARK [2][-]{subsection.10.4.1}{Comparaci\363n con el trabajo Aab2020 de la colaboraci\363n}{section.10.4}% 70
\BOOKMARK [2][-]{subsection.10.4.2}{Tabla comparando con la variable \040con la ascensi\363n recta del cenit }{section.10.4}% 71
\BOOKMARK [0][-]{chapter.11}{Distribuci\363n de probabilidad de la amplitud y fase del dipolo}{}% 72
\BOOKMARK [1][-]{section.11.1}{Distribuci\363n de probabilidad de la amplitud}{chapter.11}% 73
\BOOKMARK [2][-]{subsection.11.1.1}{Haciendo la cuenta de los m\341rgenes de confianza de la amplitud}{section.11.1}% 74
\BOOKMARK [1][-]{section.11.2}{Distribuci\363n de probabilidad de la fase del dipolo}{chapter.11}% 75
\BOOKMARK [0][-]{chapter.12}{Resultados del m\351todo East - West}{}% 76
\BOOKMARK [1][-]{section.12.1}{Resultados en distintos rangos de energ\355a}{chapter.12}% 77
\BOOKMARK [2][-]{subsection.12.1.1}{Resultados en el rango 0.25 EeV - 0.5 EeV}{section.12.1}% 78
\BOOKMARK [2][-]{subsection.12.1.2}{Resultados en el rango 0.5 EeV - 1 EeV}{section.12.1}% 79
\BOOKMARK [2][-]{subsection.12.1.3}{Resultados en el rango 1 EeV - 2 EeV}{section.12.1}% 80
\BOOKMARK [1][-]{section.12.2}{Gr\341ficos}{chapter.12}% 81
\BOOKMARK [0][-]{chapter.13}{Esto va a ir en otro cap\355tulo que todav\355a no arm\351. Y los resultados no estan actualizados}{}% 82
\BOOKMARK [1][-]{section.13.1}{Comparando resultados entre m\351todos para barridos de frecuencias}{chapter.13}% 83
\BOOKMARK [1][-]{section.13.2}{Verificaci\363n del c\363digo escrito durante la maestr\355a}{chapter.13}% 84
\BOOKMARK [1][-]{section.13.3}{Comparando amplitud en funci\363n de la frecuencia}{chapter.13}% 85
\BOOKMARK [0][-]{chapter.14}{Conclusiones}{}% 86
\BOOKMARK [0][-]{section*.108}{Bibliograf\355a}{}% 87
