This is pdfTeX, Version 3.14159265-2.6-1.40.21 (TeX Live 2020/Debian) (preloaded format=pdflatex 2020.11.2)  23 JAN 2021 16:29
entering extended mode
 restricted \write18 enabled.
 file:line:error style messages enabled.
 %&-line parsing enabled.
**/home/ponci/Desktop/TesisIB/Coronel/CodigoTesisIB/TesisMaestriaDocs_v2/00_Tesis/tesis
(/home/ponci/Desktop/TesisIB/Coronel/CodigoTesisIB/TesisMaestriaDocs_v2/00_Tesis/tesis.tex
LaTeX2e <2020-02-02> patch level 5
L3 programming layer <2020-07-17> (./ibtesis.cls
Document Class: ibtesis 2010/10/25 v0.8 (a4 paper) IB - UnCuyo
(/usr/share/texlive/texmf-dist/tex/latex/base/book.cls
Document Class: book 2019/12/20 v1.4l Standard LaTeX document class
(/usr/share/texlive/texmf-dist/tex/latex/base/bk12.clo
File: bk12.clo 2019/12/20 v1.4l Standard LaTeX file (size option)
)
\c@part=\count168
\c@chapter=\count169
\c@section=\count170
\c@subsection=\count171
\c@subsubsection=\count172
\c@paragraph=\count173
\c@subparagraph=\count174
\c@figure=\count175
\c@table=\count176
\abovecaptionskip=\skip47
\belowcaptionskip=\skip48
\bibindent=\dimen134
) (/usr/share/texlive/texmf-dist/tex/generic/iftex/ifpdf.sty
Package: ifpdf 2019/10/25 v3.4 ifpdf legacy package. Use iftex instead.
 (/usr/share/texlive/texmf-dist/tex/generic/iftex/iftex.sty
Package: iftex 2020/03/06 v1.0d TeX engine tests
)) (/usr/share/texlive/texmf-dist/tex/generic/babel/babel.sty
Package: babel 2020/07/13 3.47 The Babel package
 (/usr/share/texlive/texmf-dist/tex/generic/babel/babel.def
File: babel.def 2020/07/13 3.47 Babel common definitions
\babel@savecnt=\count177
\U@D=\dimen135
\l@babelnohyphens=\language10
 (/usr/share/texlive/texmf-dist/tex/generic/babel/txtbabel.def)
\bbl@readstream=\read2
)
\bbl@dirlevel=\count178
 (/usr/share/texlive/texmf-dist/tex/generic/babel-english/english.ldf
Language: english 2017/06/06 v3.3r English support from the babel system
Package babel Info: \l@british = using hyphenrules for english
(babel)             (\language0) on input line 82.
Package babel Info: \l@UKenglish = using hyphenrules for english
(babel)             (\language0) on input line 83.
Package babel Info: \l@canadian = using hyphenrules for english
(babel)             (\language0) on input line 102.
Package babel Info: \l@australian = using hyphenrules for english
(babel)             (\language0) on input line 105.
Package babel Info: \l@newzealand = using hyphenrules for english
(babel)             (\language0) on input line 108.
) (/usr/share/texlive/texmf-dist/tex/generic/babel-spanish/spanish.ldf
Language: spanish.ldf 2016/03/03 v5.0p Spanish support from the babel system
\es@quottoks=\toks15
\es@quotdepth=\count179
Package babel Info: Making " an active character on input line 561.
Package babel Info: Making . an active character on input line 662.
Package babel Info: Making < an active character on input line 707.
Package babel Info: Making > an active character on input line 707.
Package babel Info: Making ' an active character on input line 725.
)) (/usr/share/texlive/texmf-dist/tex/latex/base/makeidx.sty
Package: makeidx 2014/09/29 v1.0m Standard LaTeX package
) (/usr/share/texlive/texmf-dist/tex/latex/caption/caption.sty
Package: caption 2020/05/30 v3.4k Customizing captions (AR)
 (/usr/share/texlive/texmf-dist/tex/latex/caption/caption3.sty
Package: caption3 2020/07/20 v1.12b caption3 kernel (AR)
Package caption3 Info: TeX engine: e-TeX on input line 61.
 (/usr/share/texlive/texmf-dist/tex/latex/graphics/keyval.sty
Package: keyval 2014/10/28 v1.15 key=value parser (DPC)
\KV@toks@=\toks16
)
\captionmargin=\dimen136
\captionmargin@=\dimen137
\captionwidth=\dimen138
\caption@tempdima=\dimen139
\caption@indent=\dimen140
\caption@parindent=\dimen141
\caption@hangindent=\dimen142
Package caption Info: Standard document class detected.
)
\c@caption@flags=\count180
\c@continuedfloat=\count181
) (/usr/share/texlive/texmf-dist/tex/latex/yafoot/fnpos.sty
Package: fnpos 2018/09/03 v1.1 
) (/usr/share/texlive/texmf-dist/tex/latex/amsmath/amsmath.sty
Package: amsmath 2020/01/20 v2.17e AMS math features
\@mathmargin=\skip49

For additional information on amsmath, use the `?' option.
(/usr/share/texlive/texmf-dist/tex/latex/amsmath/amstext.sty
Package: amstext 2000/06/29 v2.01 AMS text
 (/usr/share/texlive/texmf-dist/tex/latex/amsmath/amsgen.sty
File: amsgen.sty 1999/11/30 v2.0 generic functions
\@emptytoks=\toks17
\ex@=\dimen143
)) (/usr/share/texlive/texmf-dist/tex/latex/amsmath/amsbsy.sty
Package: amsbsy 1999/11/29 v1.2d Bold Symbols
\pmbraise@=\dimen144
) (/usr/share/texlive/texmf-dist/tex/latex/amsmath/amsopn.sty
Package: amsopn 2016/03/08 v2.02 operator names
)
\inf@bad=\count182
LaTeX Info: Redefining \frac on input line 227.
\uproot@=\count183
\leftroot@=\count184
LaTeX Info: Redefining \overline on input line 389.
\classnum@=\count185
\DOTSCASE@=\count186
LaTeX Info: Redefining \ldots on input line 486.
LaTeX Info: Redefining \dots on input line 489.
LaTeX Info: Redefining \cdots on input line 610.
\Mathstrutbox@=\box45
\strutbox@=\box46
\big@size=\dimen145
LaTeX Font Info:    Redeclaring font encoding OML on input line 733.
LaTeX Font Info:    Redeclaring font encoding OMS on input line 734.
\macc@depth=\count187
\c@MaxMatrixCols=\count188
\dotsspace@=\muskip16
\c@parentequation=\count189
\dspbrk@lvl=\count190
\tag@help=\toks18
\row@=\count191
\column@=\count192
\maxfields@=\count193
\andhelp@=\toks19
\eqnshift@=\dimen146
\alignsep@=\dimen147
\tagshift@=\dimen148
\tagwidth@=\dimen149
\totwidth@=\dimen150
\lineht@=\dimen151
\@envbody=\toks20
\multlinegap=\skip50
\multlinetaggap=\skip51
\mathdisplay@stack=\toks21
LaTeX Info: Redefining \[ on input line 2859.
LaTeX Info: Redefining \] on input line 2860.
) (/usr/share/texlive/texmf-dist/tex/latex/tools/bm.sty
Package: bm 2019/07/24 v1.2d Bold Symbol Support (DPC/FMi)
\symboldoperators=\mathgroup4
\symboldletters=\mathgroup5
\symboldsymbols=\mathgroup6
LaTeX Font Info:    Redeclaring math alphabet \mathbf on input line 141.
LaTeX Info: Redefining \bm on input line 209.
) (/usr/share/texlive/texmf-dist/tex/latex/graphics/graphicx.sty
Package: graphicx 2019/11/30 v1.2a Enhanced LaTeX Graphics (DPC,SPQR)
 (/usr/share/texlive/texmf-dist/tex/latex/graphics/graphics.sty
Package: graphics 2019/11/30 v1.4a Standard LaTeX Graphics (DPC,SPQR)
 (/usr/share/texlive/texmf-dist/tex/latex/graphics/trig.sty
Package: trig 2016/01/03 v1.10 sin cos tan (DPC)
) (/usr/share/texlive/texmf-dist/tex/latex/graphics-cfg/graphics.cfg
File: graphics.cfg 2016/06/04 v1.11 sample graphics configuration
)
Package graphics Info: Driver file: pdftex.def on input line 105.
 (/usr/share/texlive/texmf-dist/tex/latex/graphics-def/pdftex.def
File: pdftex.def 2018/01/08 v1.0l Graphics/color driver for pdftex
))
\Gin@req@height=\dimen152
\Gin@req@width=\dimen153
) (/usr/share/texlive/texmf-dist/tex/latex/graphics/color.sty
Package: color 2019/11/23 v1.2a Standard LaTeX Color (DPC)
 (/usr/share/texlive/texmf-dist/tex/latex/graphics-cfg/color.cfg
File: color.cfg 2016/01/02 v1.6 sample color configuration
)
Package color Info: Driver file: pdftex.def on input line 147.
) (/usr/share/texlive/texmf-dist/tex/latex/fancyhdr/fancyhdr.sty
Package: fancyhdr 2019/01/31 v3.10 Extensive control of page headers and footers
\f@nch@headwidth=\skip52
\f@nch@O@elh=\skip53
\f@nch@O@erh=\skip54
\f@nch@O@olh=\skip55
\f@nch@O@orh=\skip56
\f@nch@O@elf=\skip57
\f@nch@O@erf=\skip58
\f@nch@O@olf=\skip59
\f@nch@O@orf=\skip60
) (/usr/share/texlive/texmf-dist/tex/latex/changepage/changepage.sty
Package: changepage 2009/10/20 v1.0c check page and change page layout
\c@cp@cntr=\count194
\cp@tempcnt=\count195
) (/usr/share/texlive/texmf-dist/tex/latex/tools/calc.sty
Package: calc 2017/05/25 v4.3 Infix arithmetic (KKT,FJ)
\calc@Acount=\count196
\calc@Bcount=\count197
\calc@Adimen=\dimen154
\calc@Bdimen=\dimen155
\calc@Askip=\skip61
\calc@Bskip=\skip62
LaTeX Info: Redefining \setlength on input line 80.
LaTeX Info: Redefining \addtolength on input line 81.
\calc@Ccount=\count198
\calc@Cskip=\skip63
) (/usr/share/texlive/texmf-dist/tex/latex/geometry/geometry.sty
Package: geometry 2020/01/02 v5.9 Page Geometry
 (/usr/share/texlive/texmf-dist/tex/generic/iftex/ifvtex.sty
Package: ifvtex 2019/10/25 v1.7 ifvtex legacy package. Use iftex instead.
)
\Gm@cnth=\count199
\Gm@cntv=\count266
\c@Gm@tempcnt=\count267
\Gm@bindingoffset=\dimen156
\Gm@wd@mp=\dimen157
\Gm@odd@mp=\dimen158
\Gm@even@mp=\dimen159
\Gm@layoutwidth=\dimen160
\Gm@layoutheight=\dimen161
\Gm@layouthoffset=\dimen162
\Gm@layoutvoffset=\dimen163
\Gm@dimlist=\toks22
) (/usr/share/texlive/texmf-dist/tex/latex/setspace/setspace.sty
Package: setspace 2011/12/19 v6.7a set line spacing
) (/usr/share/texlive/texmf-dist/tex/latex/hyperref/hyperref.sty
Package: hyperref 2020-05-15 v7.00e Hypertext links for LaTeX
 (/usr/share/texlive/texmf-dist/tex/generic/ltxcmds/ltxcmds.sty
Package: ltxcmds 2019/12/15 v1.24 LaTeX kernel commands for general use (HO)
) (/usr/share/texlive/texmf-dist/tex/generic/pdftexcmds/pdftexcmds.sty
Package: pdftexcmds 2020-06-27 v0.33 Utility functions of pdfTeX for LuaTeX (HO)
 (/usr/share/texlive/texmf-dist/tex/generic/infwarerr/infwarerr.sty
Package: infwarerr 2019/12/03 v1.5 Providing info/warning/error messages (HO)
)
Package pdftexcmds Info: \pdf@primitive is available.
Package pdftexcmds Info: \pdf@ifprimitive is available.
Package pdftexcmds Info: \pdfdraftmode found.
) (/usr/share/texlive/texmf-dist/tex/generic/kvsetkeys/kvsetkeys.sty
Package: kvsetkeys 2019/12/15 v1.18 Key value parser (HO)
) (/usr/share/texlive/texmf-dist/tex/generic/kvdefinekeys/kvdefinekeys.sty
Package: kvdefinekeys 2019-12-19 v1.6 Define keys (HO)
) (/usr/share/texlive/texmf-dist/tex/generic/pdfescape/pdfescape.sty
Package: pdfescape 2019/12/09 v1.15 Implements pdfTeX's escape features (HO)
) (/usr/share/texlive/texmf-dist/tex/latex/hycolor/hycolor.sty
Package: hycolor 2020-01-27 v1.10 Color options for hyperref/bookmark (HO)
) (/usr/share/texlive/texmf-dist/tex/latex/letltxmacro/letltxmacro.sty
Package: letltxmacro 2019/12/03 v1.6 Let assignment for LaTeX macros (HO)
) (/usr/share/texlive/texmf-dist/tex/latex/auxhook/auxhook.sty
Package: auxhook 2019-12-17 v1.6 Hooks for auxiliary files (HO)
) (/usr/share/texlive/texmf-dist/tex/latex/kvoptions/kvoptions.sty
Package: kvoptions 2019/11/29 v3.13 Key value format for package options (HO)
)
\@linkdim=\dimen164
\Hy@linkcounter=\count268
\Hy@pagecounter=\count269
 (/usr/share/texlive/texmf-dist/tex/latex/hyperref/pd1enc.def
File: pd1enc.def 2020-05-15 v7.00e Hyperref: PDFDocEncoding definition (HO)
Now handling font encoding PD1 ...
... no UTF-8 mapping file for font encoding PD1
) (/usr/share/texlive/texmf-dist/tex/generic/intcalc/intcalc.sty
Package: intcalc 2019/12/15 v1.3 Expandable calculations with integers (HO)
) (/usr/share/texlive/texmf-dist/tex/generic/etexcmds/etexcmds.sty
Package: etexcmds 2019/12/15 v1.7 Avoid name clashes with e-TeX commands (HO)
)
\Hy@SavedSpaceFactor=\count270
Package hyperref Info: Hyper figures OFF on input line 4464.
Package hyperref Info: Link nesting OFF on input line 4469.
Package hyperref Info: Hyper index ON on input line 4472.
Package hyperref Info: Plain pages OFF on input line 4479.
Package hyperref Info: Backreferencing OFF on input line 4484.
Package hyperref Info: Implicit mode ON; LaTeX internals redefined.
Package hyperref Info: Bookmarks ON on input line 4717.
\c@Hy@tempcnt=\count271
 (/usr/share/texlive/texmf-dist/tex/latex/url/url.sty
\Urlmuskip=\muskip17
Package: url 2013/09/16  ver 3.4  Verb mode for urls, etc.
)
LaTeX Info: Redefining \url on input line 5076.
\XeTeXLinkMargin=\dimen165
 (/usr/share/texlive/texmf-dist/tex/generic/bitset/bitset.sty
Package: bitset 2019/12/09 v1.3 Handle bit-vector datatype (HO)
 (/usr/share/texlive/texmf-dist/tex/generic/bigintcalc/bigintcalc.sty
Package: bigintcalc 2019/12/15 v1.5 Expandable calculations on big integers (HO)
))
\Fld@menulength=\count272
\Field@Width=\dimen166
\Fld@charsize=\dimen167
Package hyperref Info: Hyper figures OFF on input line 6347.
Package hyperref Info: Link nesting OFF on input line 6352.
Package hyperref Info: Hyper index ON on input line 6355.
Package hyperref Info: backreferencing OFF on input line 6362.
Package hyperref Info: Link coloring OFF on input line 6367.
Package hyperref Info: Link coloring with OCG OFF on input line 6372.
Package hyperref Info: PDF/A mode OFF on input line 6377.
LaTeX Info: Redefining \ref on input line 6417.
LaTeX Info: Redefining \pageref on input line 6421.
 (/usr/share/texlive/texmf-dist/tex/generic/atbegshi/atbegshi.sty
Package: atbegshi 2019/12/05 v1.19 At begin shipout hook (HO)
)
\Hy@abspage=\count273
\c@Item=\count274
\c@Hfootnote=\count275
)
Package hyperref Info: Driver (autodetected): hpdftex.
 (/usr/share/texlive/texmf-dist/tex/latex/hyperref/hpdftex.def
File: hpdftex.def 2020-05-15 v7.00e Hyperref driver for pdfTeX
 (/usr/share/texlive/texmf-dist/tex/latex/atveryend/atveryend.sty
Package: atveryend 2019-12-11 v1.11 Hooks at the very end of document (HO)
Package atveryend Info: \enddocument detected (standard20110627).
)
\Fld@listcount=\count276
\c@bookmark@seq@number=\count277
 (/usr/share/texlive/texmf-dist/tex/latex/rerunfilecheck/rerunfilecheck.sty
Package: rerunfilecheck 2019/12/05 v1.9 Rerun checks for auxiliary files (HO)
 (/usr/share/texlive/texmf-dist/tex/generic/uniquecounter/uniquecounter.sty
Package: uniquecounter 2019/12/15 v1.4 Provide unlimited unique counter (HO)
)
Package uniquecounter Info: New unique counter `rerunfilecheck' on input line 286.
)
\Hy@SectionHShift=\skip64
)
Package hyperref Info: Option `colorlinks' set `false' on input line 72.
LaTeX Info: Redefining \es@scroman on input line 95.


Package Fancyhdr Warning: \fancyhead's `E' option without twoside option is useless on input line 225.


Package Fancyhdr Warning: \fancyhead's `E' option without twoside option is useless on input line 226.

\imsizeL=\skip65
\imsize=\skip66
\imsizeS=\skip67
) (./ibextra.sty (/usr/share/texlive/texmf-dist/tex/latex/base/latexsym.sty
Package: latexsym 1998/08/17 v2.2e Standard LaTeX package (lasy symbols)
\symlasy=\mathgroup7
LaTeX Font Info:    Overwriting symbol font `lasy' in version `bold'
(Font)                  U/lasy/m/n --> U/lasy/b/n on input line 52.
) (/usr/share/texlive/texmf-dist/tex/latex/amsfonts/amsfonts.sty
Package: amsfonts 2013/01/14 v3.01 Basic AMSFonts support
\symAMSa=\mathgroup8
\symAMSb=\mathgroup9
LaTeX Font Info:    Redeclaring math symbol \hbar on input line 98.
LaTeX Font Info:    Overwriting math alphabet `\mathfrak' in version `bold'
(Font)                  U/euf/m/n --> U/euf/b/n on input line 106.
) (/usr/share/texlive/texmf-dist/tex/latex/amsfonts/amssymb.sty
Package: amssymb 2013/01/14 v3.01 AMS font symbols
) (/usr/share/texlive/texmf-dist/tex/latex/multirow/multirow.sty
Package: multirow 2019/05/31 v2.5 Span multiple rows of a table
\multirow@colwidth=\skip68
\multirow@cntb=\count278
\multirow@dima=\skip69
\bigstrutjot=\dimen168
) (/usr/share/texlive/texmf-dist/tex/latex/tools/multicol.sty
Package: multicol 2019/12/09 v1.8y multicolumn formatting (FMi)
\c@tracingmulticols=\count279
\mult@box=\box47
\multicol@leftmargin=\dimen169
\c@unbalance=\count280
\c@collectmore=\count281
\doublecol@number=\count282
\multicoltolerance=\count283
\multicolpretolerance=\count284
\full@width=\dimen170
\page@free=\dimen171
\premulticols=\dimen172
\postmulticols=\dimen173
\multicolsep=\skip70
\multicolbaselineskip=\skip71
\partial@page=\box48
\last@line=\box49
\maxbalancingoverflow=\dimen174
\mult@rightbox=\box50
\mult@grightbox=\box51
\mult@gfirstbox=\box52
\mult@firstbox=\box53
\@tempa=\box54
\@tempa=\box55
\@tempa=\box56
\@tempa=\box57
\@tempa=\box58
\@tempa=\box59
\@tempa=\box60
\@tempa=\box61
\@tempa=\box62
\@tempa=\box63
\@tempa=\box64
\@tempa=\box65
\@tempa=\box66
\@tempa=\box67
\@tempa=\box68
\@tempa=\box69
\@tempa=\box70
\@tempa=\box71
\@tempa=\box72
\@tempa=\box73
\@tempa=\box74
\@tempa=\box75
\@tempa=\box76
\@tempa=\box77
\@tempa=\box78
\@tempa=\box79
\@tempa=\box80
\@tempa=\box81
\@tempa=\box82
\@tempa=\box83
\@tempa=\box84
\@tempa=\box85
\@tempa=\box86
\@tempa=\box87
\@tempa=\box88
\@tempa=\box89
\@tempa=\box90
\c@minrows=\count285
\c@columnbadness=\count286
\c@finalcolumnbadness=\count287
\last@try=\dimen175
\multicolovershoot=\dimen176
\multicolundershoot=\dimen177
\mult@nat@firstbox=\box91
\colbreak@box=\box92
\mc@col@check@num=\count288
) (/usr/share/texlive/texmf-dist/tex/latex/booktabs/booktabs.sty
Package: booktabs 2020/01/12 v1.61803398 Publication quality tables
\heavyrulewidth=\dimen178
\lightrulewidth=\dimen179
\cmidrulewidth=\dimen180
\belowrulesep=\dimen181
\belowbottomsep=\dimen182
\aboverulesep=\dimen183
\abovetopsep=\dimen184
\cmidrulesep=\dimen185
\cmidrulekern=\dimen186
\defaultaddspace=\dimen187
\@cmidla=\count289
\@cmidlb=\count290
\@aboverulesep=\dimen188
\@belowrulesep=\dimen189
\@thisruleclass=\count291
\@lastruleclass=\count292
\@thisrulewidth=\dimen190
) (/usr/share/texlive/texmf-dist/tex/latex/natbib/natbib.sty
Package: natbib 2010/09/13 8.31b (PWD, AO)
\bibhang=\skip72
\bibsep=\skip73
LaTeX Info: Redefining \cite on input line 694.
\c@NAT@ctr=\count293
)) (/usr/share/texlive/texmf-dist/tex/latex/base/inputenc.sty
Package: inputenc 2018/08/11 v1.3c Input encoding file
\inpenc@prehook=\toks23
\inpenc@posthook=\toks24
) (/usr/share/texlive/texmf-dist/tex/latex/caption/subcaption.sty
Package: subcaption 2020/01/22 v1.3d Sub-captions (AR)
\c@subfigure=\count294
\c@subtable=\count295
) (/usr/share/texlive/texmf-dist/tex/latex/float/float.sty
Package: float 2001/11/08 v1.3d Float enhancements (AL)
\c@float@type=\count296
\float@exts=\toks25
\float@box=\box93
\@float@everytoks=\toks26
\@floatcapt=\box94
) (/usr/share/texlive/texmf-dist/tex/latex/units/nicefrac.sty
Package: nicefrac 1998/08/04 v0.9b Nice fractions
\L@UnitsRaiseDisplaystyle=\skip74
\L@UnitsRaiseTextstyle=\skip75
\L@UnitsRaiseScriptstyle=\skip76
 (/usr/share/texlive/texmf-dist/tex/latex/base/ifthen.sty
Package: ifthen 2014/09/29 v1.1c Standard LaTeX ifthen package (DPC)
)) (/usr/share/texlive/texmf-dist/tex/latex/mathtools/mathtools.sty
Package: mathtools 2020/03/24 v1.24 mathematical typesetting tools
 (/usr/share/texlive/texmf-dist/tex/latex/mathtools/mhsetup.sty
Package: mhsetup 2017/03/31 v1.3 programming setup (MH)
)
LaTeX Info: Thecontrolsequence`\('isalreadyrobust on input line 130.
LaTeX Info: Thecontrolsequence`\)'isalreadyrobust on input line 130.
LaTeX Info: Thecontrolsequence`\['isalreadyrobust on input line 130.
LaTeX Info: Thecontrolsequence`\]'isalreadyrobust on input line 130.
\g_MT_multlinerow_int=\count297
\l_MT_multwidth_dim=\dimen191
\origjot=\skip77
\l_MT_shortvdotswithinadjustabove_dim=\dimen192
\l_MT_shortvdotswithinadjustbelow_dim=\dimen193
\l_MT_above_intertext_sep=\dimen194
\l_MT_below_intertext_sep=\dimen195
\l_MT_above_shortintertext_sep=\dimen196
\l_MT_below_shortintertext_sep=\dimen197
\xmathstrut@box=\box95
\xmathstrut@dim=\dimen198
) (/usr/share/texlive/texmf-dist/tex/latex/base/textcomp.sty
Package: textcomp 2020/02/02 v2.0n Standard LaTeX package
) (/usr/share/texlive/texmf-dist/tex/latex/tablefootnote/tablefootnote.sty
Package: tablefootnote 2014/01/26 v1.1c Table foot notes (HMM)
 (/usr/share/texlive/texmf-dist/tex/latex/xifthen/xifthen.sty
Package: xifthen 2015/11/05 v1.4.0 Extended ifthen features
 (/usr/share/texlive/texmf-dist/tex/latex/ifmtarg/ifmtarg.sty
Package: ifmtarg 2018/04/16 v1.2b check for an empty argument
)) (/usr/share/texlive/texmf-dist/tex/latex/etoolbox/etoolbox.sty
Package: etoolbox 2020/07/15 v2.5i e-TeX tools for LaTeX (JAW)
\etb@tempcnta=\count298
)) (/usr/share/texlive/texmf-dist/tex/latex/scalerel/scalerel.sty
Package: scalerel 2016/12/29 v1.8 Routines for constrained scaling and stretching of objects, relative to a reference object or in absolute terms
\thesrwidth=\skip78
\thesrheight=\skip79
\srblobheight=\skip80
\srblobdepth=\skip81
\mnxsrwidth=\skip82
\LMex=\skip83
\LMpt=\skip84
) (/usr/share/texlive/texmf-dist/tex/latex/physics/physics.sty
Package: physics 
 (/usr/share/texlive/texmf-dist/tex/latex/l3packages/xparse/xparse.sty (/usr/share/texlive/texmf-dist/tex/latex/l3kernel/expl3.sty
Package: expl3 2020-07-17 L3 programming layer (loader) 
 (/usr/share/texlive/texmf-dist/tex/latex/l3backend/l3backend-pdfmode.def
File: l3backend-pdfmode.def 2020-06-29 L3 backend support: PDF mode
\l__kernel_color_stack_int=\count299
\l__pdf_internal_box=\box96
))
Package: xparse 2020-05-15 L3 Experimental document command parser
 (/usr/share/texlive/texmf-dist/tex/latex/l3packages/xparse/xparse-generic.tex
\l__xparse_current_arg_int=\count300
\g__xparse_grabber_int=\count301
\l__xparse_m_args_int=\count302
\l__xparse_v_nesting_int=\count303
))) (/usr/share/texlive/texmf-dist/tex/latex/xcolor/xcolor.sty
Package: xcolor 2016/05/11 v2.12 LaTeX color extensions (UK)
 (/usr/share/texlive/texmf-dist/tex/latex/graphics-cfg/color.cfg
File: color.cfg 2016/01/02 v1.6 sample color configuration
)
Package xcolor Info: Driver file: pdftex.def on input line 225.
LaTeX Info: Redefining \color on input line 709.
Package xcolor Info: Model `cmy' substituted by `cmy0' on input line 1348.
Package xcolor Info: Model `hsb' substituted by `rgb' on input line 1352.
Package xcolor Info: Model `RGB' extended on input line 1364.
Package xcolor Info: Model `HTML' substituted by `rgb' on input line 1366.
Package xcolor Info: Model `Hsb' substituted by `hsb' on input line 1367.
Package xcolor Info: Model `tHsb' substituted by `hsb' on input line 1368.
Package xcolor Info: Model `HSB' substituted by `hsb' on input line 1369.
Package xcolor Info: Model `Gray' substituted by `gray' on input line 1370.
Package xcolor Info: Model `wave' substituted by `hsb' on input line 1371.
) (/usr/share/texlive/texmf-dist/tex/latex/enumitem/enumitem.sty
Package: enumitem 2019/06/20 v3.9 Customized lists
\labelindent=\skip85
\enit@outerparindent=\dimen199
\enit@toks=\toks27
\enit@inbox=\box97
\enit@count@id=\count304
\enitdp@description=\count305
)

LaTeX Warning: Unused global option(s):
    [12pt,oneside].

(./tesis.aux
LaTeX Info: Redefining \. on input line 27.
LaTeX Info: Redefining \% on input line 27.
)
\openout1 = `tesis.aux'.

LaTeX Font Info:    Checking defaults for OML/cmm/m/it on input line 83.
LaTeX Font Info:    ... okay on input line 83.
LaTeX Font Info:    Checking defaults for OMS/cmsy/m/n on input line 83.
LaTeX Font Info:    ... okay on input line 83.
LaTeX Font Info:    Checking defaults for OT1/cmr/m/n on input line 83.
LaTeX Font Info:    ... okay on input line 83.
LaTeX Font Info:    Checking defaults for T1/cmr/m/n on input line 83.
LaTeX Font Info:    ... okay on input line 83.
LaTeX Font Info:    Checking defaults for TS1/cmr/m/n on input line 83.
LaTeX Font Info:    ... okay on input line 83.
LaTeX Font Info:    Checking defaults for OMX/cmex/m/n on input line 83.
LaTeX Font Info:    ... okay on input line 83.
LaTeX Font Info:    Checking defaults for U/cmr/m/n on input line 83.
LaTeX Font Info:    ... okay on input line 83.
LaTeX Font Info:    Checking defaults for PD1/pdf/m/n on input line 83.
LaTeX Font Info:    ... okay on input line 83.
LaTeX Info: Redefining \. on input line 83.
LaTeX Info: Redefining \% on input line 83.
Package caption Info: Begin \AtBeginDocument code.
Package caption Info: changepage package is loaded.
\caption@adjustwidth@hsize=\dimen256
\caption@adjustwidth@linewidth=\dimen257
Package caption Info: float package is loaded.
Package caption Info: hyperref package is loaded.
Package caption Info: End \AtBeginDocument code.
 (/usr/share/texlive/texmf-dist/tex/context/base/mkii/supp-pdf.mkii
[Loading MPS to PDF converter (version 2006.09.02).]
\scratchcounter=\count306
\scratchdimen=\dimen258
\scratchbox=\box98
\nofMPsegments=\count307
\nofMParguments=\count308
\everyMPshowfont=\toks28
\MPscratchCnt=\count309
\MPscratchDim=\dimen259
\MPnumerator=\count310
\makeMPintoPDFobject=\count311
\everyMPtoPDFconversion=\toks29
) (/usr/share/texlive/texmf-dist/tex/latex/epstopdf-pkg/epstopdf-base.sty
Package: epstopdf-base 2020-01-24 v2.11 Base part for package epstopdf
Package epstopdf-base Info: Redefining graphics rule for `.eps' on input line 485.
 (/usr/share/texlive/texmf-dist/tex/latex/latexconfig/epstopdf-sys.cfg
File: epstopdf-sys.cfg 2010/07/13 v1.3 Configuration of (r)epstopdf for TeX Live
))
*geometry* driver: auto-detecting
*geometry* detected driver: pdftex
*geometry* verbose mode - [ preamble ] result:
* driver: pdftex
* paper: a4paper
* layout: <same size as paper>
* layoutoffset:(h,v)=(0.0pt,0.0pt)
* modes: includefoot 
* h-part:(L,W,R)=(85.35826pt, 441.01772pt, 71.1319pt)
* v-part:(T,H,B)=(85.35826pt, 728.39055pt, 31.29803pt)
* \paperwidth=597.50787pt
* \paperheight=845.04684pt
* \textwidth=441.01772pt
* \textheight=698.39055pt
* \oddsidemargin=13.08827pt
* \evensidemargin=13.08827pt
* \topmargin=-18.78552pt
* \headheight=15.6pt
* \headsep=19.8738pt
* \topskip=12.0pt
* \footskip=30.0pt
* \marginparwidth=47.0pt
* \marginparsep=7.0pt
* \columnsep=10.0pt
* \skip\footins=10.8pt plus 4.0pt minus 2.0pt
* \hoffset=0.0pt
* \voffset=0.0pt
* \mag=1000
* \@twocolumnfalse
* \@twosidefalse
* \@mparswitchfalse
* \@reversemarginfalse
* (1in=72.27pt=25.4mm, 1cm=28.453pt)

\AtBeginShipoutBox=\box99
Package hyperref Info: Link coloring OFF on input line 83.
(/usr/share/texlive/texmf-dist/tex/latex/hyperref/nameref.sty
Package: nameref 2019/09/16 v2.46 Cross-referencing by name of section
 (/usr/share/texlive/texmf-dist/tex/latex/refcount/refcount.sty
Package: refcount 2019/12/15 v3.6 Data extraction from label references (HO)
) (/usr/share/texlive/texmf-dist/tex/generic/gettitlestring/gettitlestring.sty
Package: gettitlestring 2019/12/15 v1.6 Cleanup title references (HO)
)
\c@section@level=\count312
)
LaTeX Info: Redefining \ref on input line 83.
LaTeX Info: Redefining \pageref on input line 83.
LaTeX Info: Redefining \nameref on input line 83.
 (./tesis.out) (./tesis.out)
\@outlinefile=\write3
\openout3 = `tesis.out'.

LaTeX Font Info:    Trying to load font information for U+lasy on input line 85.
 (/usr/share/texlive/texmf-dist/tex/latex/base/ulasy.fd
File: ulasy.fd 1998/08/17 v2.2e LaTeX symbol font definitions
)
LaTeX Font Info:    Trying to load font information for U+msa on input line 85.
 (/usr/share/texlive/texmf-dist/tex/latex/amsfonts/umsa.fd
File: umsa.fd 2013/01/14 v3.01 AMS symbols A
)
LaTeX Font Info:    Trying to load font information for U+msb on input line 85.
 (/usr/share/texlive/texmf-dist/tex/latex/amsfonts/umsb.fd
File: umsb.fd 2013/01/14 v3.01 AMS symbols B
) [1



{/var/lib/texmf/fonts/map/pdftex/updmap/pdftex.map}]pdfTeX warning (ext4): destination with the same identifier (name{page.I}) has been already used, duplicate ignored
<to be read again> 
                   \relax 
l.120 \end{abreviaturas}
                         [1


] (./tesis.toc
LaTeX Info: Redefining \. on input line 1.
LaTeX Info: Redefining \% on input line 1.
 [2



]
LaTeX Info: Redefining \. on input line 70.
LaTeX Info: Redefining \% on input line 70.


Package Fancyhdr Warning: \headheight is too small (15.6pt): 
Make it at least 15.68335pt.
We now make it that large for the rest of the document.
This may cause the page layout to be inconsistent, however.

[3])
\tf@toc=\write4
\openout4 = `tesis.toc'.

LaTeX Info: Redefining \. on input line 123.
LaTeX Info: Redefining \% on input line 123.
 [4] (./tesis.lof
LaTeX Info: Redefining \. on input line 1.
LaTeX Info: Redefining \% on input line 1.
 [5


]
LaTeX Info: Redefining \. on input line 32.
LaTeX Info: Redefining \% on input line 32.
 [6]
LaTeX Info: Redefining \. on input line 52.
LaTeX Info: Redefining \% on input line 52.
 [7])
\tf@lof=\write5
\openout5 = `tesis.lof'.

LaTeX Info: Redefining \. on input line 128.
LaTeX Info: Redefining \% on input line 128.
 [8]
Cap\'{\i }tulo 1.
(../01_Introduccion/intro_v2.tex [1


]
LaTeX Info: Redefining \. on input line 57.
LaTeX Info: Redefining \% on input line 57.
 [2]
<../01_Introduccion/auger_spectrum_v2.png, id=651, 1171.37625pt x 882.29625pt>
File: ../01_Introduccion/auger_spectrum_v2.png Graphic file (type png)
<use ../01_Introduccion/auger_spectrum_v2.png>
Package pdftex.def Info: ../01_Introduccion/auger_spectrum_v2.png  used on input line 60.
(pdftex.def)             Requested size: 308.71104pt x 232.52843pt.
LaTeX Info: Redefining \. on input line 84.
LaTeX Info: Redefining \% on input line 84.
 [3 <../01_Introduccion/auger_spectrum_v2.png>]
LaTeX Info: Redefining \. on input line 108.
LaTeX Info: Redefining \% on input line 108.
 [4])
LaTeX Info: Redefining \. on input line 135.
LaTeX Info: Redefining \% on input line 135.
 [5]
Cap\'{\i }tulo 2.
(../02_IntroduccionAuger/auger.tex [6

]
<../02_IntroduccionAuger/auger_sd.png, id=709, 837.1275pt x 874.26625pt>
File: ../02_IntroduccionAuger/auger_sd.png Graphic file (type png)
<use ../02_IntroduccionAuger/auger_sd.png>
Package pdftex.def Info: ../02_IntroduccionAuger/auger_sd.png  used on input line 38.
(pdftex.def)             Requested size: 308.71104pt x 322.40623pt.
<../02_IntroduccionAuger/tanque.png, id=712, 376.40625pt x 417.56pt>
File: ../02_IntroduccionAuger/tanque.png Graphic file (type png)
<use ../02_IntroduccionAuger/tanque.png>
Package pdftex.def Info: ../02_IntroduccionAuger/tanque.png  used on input line 45.
(pdftex.def)             Requested size: 198.45662pt x 220.15887pt.
<../02_IntroduccionAuger/fd.png, id=713, 164.7756pt x 136.15668pt>
File: ../02_IntroduccionAuger/fd.png Graphic file (type png)
<use ../02_IntroduccionAuger/fd.png>
Package pdftex.def Info: ../02_IntroduccionAuger/fd.png  used on input line 50.
(pdftex.def)             Requested size: 220.50885pt x 182.22044pt.
LaTeX Info: Redefining \. on input line 55.
LaTeX Info: Redefining \% on input line 55.
 [7]
LaTeX Info: Redefining \. on input line 58.
LaTeX Info: Redefining \% on input line 58.
 [8 <../02_IntroduccionAuger/auger_sd.png> <../02_IntroduccionAuger/tanque.png> <../02_IntroduccionAuger/fd.png>]
LaTeX Info: Redefining \. on input line 75.
LaTeX Info: Redefining \% on input line 75.
 [9]
LaTeX Info: Redefining \. on input line 89.
LaTeX Info: Redefining \% on input line 89.
 [10]
<../02_IntroduccionAuger/evento_sd.png, id=745, 678.535pt x 484.81125pt>
File: ../02_IntroduccionAuger/evento_sd.png Graphic file (type png)
<use ../02_IntroduccionAuger/evento_sd.png>
Package pdftex.def Info: ../02_IntroduccionAuger/evento_sd.png  used on input line 94.
(pdftex.def)             Requested size: 286.65881pt x 204.81035pt.
<../02_IntroduccionAuger/evento_s1000.png, id=748, 914.41624pt x 649.42625pt>
File: ../02_IntroduccionAuger/evento_s1000.png Graphic file (type png)
<use ../02_IntroduccionAuger/evento_s1000.png>
Package pdftex.def Info: ../02_IntroduccionAuger/evento_s1000.png  used on input line 104.
(pdftex.def)             Requested size: 286.65881pt x 203.5794pt.
LaTeX Info: Redefining \. on input line 114.
LaTeX Info: Redefining \% on input line 114.
 [11 <../02_IntroduccionAuger/evento_sd.png> <../02_IntroduccionAuger/evento_s1000.png>]
<../02_IntroduccionAuger/s1000_theta.png, id=766, 618.31pt x 504.88625pt>
File: ../02_IntroduccionAuger/s1000_theta.png Graphic file (type png)
<use ../02_IntroduccionAuger/s1000_theta.png>
Package pdftex.def Info: ../02_IntroduccionAuger/s1000_theta.png  used on input line 138.
(pdftex.def)             Requested size: 264.61331pt x 216.07993pt.
<../02_IntroduccionAuger/efd_s38_v2.jpg, id=769, 895.345pt x 656.4525pt>
File: ../02_IntroduccionAuger/efd_s38_v2.jpg Graphic file (type jpg)
<use ../02_IntroduccionAuger/efd_s38_v2.jpg>
Package pdftex.def Info: ../02_IntroduccionAuger/efd_s38_v2.jpg  used on input line 144.
(pdftex.def)             Requested size: 295.48105pt x 216.64001pt.
LaTeX Info: Redefining \. on input line 147.
LaTeX Info: Redefining \% on input line 147.
 [12 <../02_IntroduccionAuger/s1000_theta.png>]) (../03_IntroduccionReport/introduccion_v9.tex
LaTeX Info: Redefining \. on input line 22.
LaTeX Info: Redefining \% on input line 22.
 [13 <../02_IntroduccionAuger/efd_s38_v2.jpg>]
<../03_IntroduccionReport/histograma_Standard.pdf, id=786, 1011.78pt x 578.16pt>
File: ../03_IntroduccionReport/histograma_Standard.pdf Graphic file (type pdf)
<use ../03_IntroduccionReport/histograma_Standard.pdf>
Package pdftex.def Info: ../03_IntroduccionReport/histograma_Standard.pdf  used on input line 28.
(pdftex.def)             Requested size: 352.8155pt x 201.60916pt.
<../03_IntroduccionReport/histograma_AllTriggers.pdf, id=789, 1011.78pt x 578.16pt>
File: ../03_IntroduccionReport/histograma_AllTriggers.pdf Graphic file (type pdf)
<use ../03_IntroduccionReport/histograma_AllTriggers.pdf>
Package pdftex.def Info: ../03_IntroduccionReport/histograma_AllTriggers.pdf  used on input line 42.
(pdftex.def)             Requested size: 352.8155pt x 201.60916pt.
LaTeX Info: Redefining \. on input line 46.
LaTeX Info: Redefining \% on input line 46.
 [14 <../03_IntroduccionReport/histograma_Standard.pdf>]
<../03_IntroduccionReport/comparacion_triggers.png, id=845, 636.3775pt x 360.34625pt>
File: ../03_IntroduccionReport/comparacion_triggers.png Graphic file (type png)
<use ../03_IntroduccionReport/comparacion_triggers.png>
Package pdftex.def Info: ../03_IntroduccionReport/comparacion_triggers.png  used on input line 52.
(pdftex.def)             Requested size: 330.76328pt x 187.29315pt.
LaTeX Info: Redefining \. on input line 59.
LaTeX Info: Redefining \% on input line 59.
 [15 <../03_IntroduccionReport/histograma_AllTriggers.pdf> <../03_IntroduccionReport/comparacion_triggers.png>]
LaTeX Info: Redefining \. on input line 78.
LaTeX Info: Redefining \% on input line 78.
 [16])
LaTeX Info: Redefining \. on input line 144.
LaTeX Info: Redefining \% on input line 144.
 [17]
Cap\'{\i }tulo 3.
(../04_Clima/clima_1_intro_v2.tex [18

]
<../04_Clima/delay.pdf, id=924, 865.7946pt x 482.0409pt>
File: ../04_Clima/delay.pdf Graphic file (type pdf)
<use ../04_Clima/delay.pdf>
Package pdftex.def Info: ../04_Clima/delay.pdf  used on input line 19.
(pdftex.def)             Requested size: 330.76328pt x 184.1557pt.
LaTeX Info: Redefining \. on input line 39.
LaTeX Info: Redefining \% on input line 39.
 [19 <../04_Clima/delay.pdf>]
<../04_Clima/eas.png, id=986, 987.69pt x 990.70125pt>
File: ../04_Clima/eas.png Graphic file (type png)
<use ../04_Clima/eas.png>
Package pdftex.def Info: ../04_Clima/eas.png  used on input line 55.
(pdftex.def)             Requested size: 220.50885pt x 221.17484pt.
LaTeX Info: Redefining \. on input line 59.
LaTeX Info: Redefining \% on input line 59.
 [20]
LaTeX Info: Redefining \. on input line 74.
LaTeX Info: Redefining \% on input line 74.
 [21 <../04_Clima/eas.png>]
LaTeX Info: Redefining \. on input line 106.
LaTeX Info: Redefining \% on input line 106.
 [22]
LaTeX Info: Redefining \. on input line 136.
LaTeX Info: Redefining \% on input line 136.
 [23]
<../04_Clima/Graphs/clima/presion.png, id=1035, 1204.5pt x 644.4075pt>
File: ../04_Clima/Graphs/clima/presion.png Graphic file (type png)
<use ../04_Clima/Graphs/clima/presion.png>
Package pdftex.def Info: ../04_Clima/Graphs/clima/presion.png  used on input line 144.
(pdftex.def)             Requested size: 216.10109pt x 115.61469pt.
<../04_Clima/Graphs/clima/densidad_diaria.png, id=1036, 1204.5pt x 659.46375pt>
File: ../04_Clima/Graphs/clima/densidad_diaria.png Graphic file (type png)
<use ../04_Clima/Graphs/clima/densidad_diaria.png>
Package pdftex.def Info: ../04_Clima/Graphs/clima/densidad_diaria.png  used on input line 151.
(pdftex.def)             Requested size: 216.10109pt x 118.31596pt.
<../04_Clima/Graphs/clima/densidad_media_diaria.png, id=1037, 1204.5pt x 651.43375pt>
File: ../04_Clima/Graphs/clima/densidad_media_diaria.png Graphic file (type png)
<use ../04_Clima/Graphs/clima/densidad_media_diaria.png>
Package pdftex.def Info: ../04_Clima/Graphs/clima/densidad_media_diaria.png  used on input line 158.
(pdftex.def)             Requested size: 216.10109pt x 116.87529pt.
<../04_Clima/Graphs/clima/densidad_hod.png, id=1038, 903.375pt x 564.60938pt>
File: ../04_Clima/Graphs/clima/densidad_hod.png Graphic file (type png)
<use ../04_Clima/Graphs/clima/densidad_hod.png>
Package pdftex.def Info: ../04_Clima/Graphs/clima/densidad_hod.png  used on input line 165.
(pdftex.def)             Requested size: 216.10109pt x 135.06102pt.
) (../04_Clima/clima_2_fit_main_v2.tex

Package hyperref Warning: Token not allowed in a PDF string (PDFDocEncoding):
(hyperref)                removing `\leavevmode@ifvmode' on input line 2.


Package hyperref Warning: Token not allowed in a PDF string (PDFDocEncoding):
(hyperref)                \kern 1.95872pt
(hyperref)                removed on input line 2.

LaTeX Info: Redefining \. on input line 5.
LaTeX Info: Redefining \% on input line 5.
[24 <../04_Clima/Graphs/clima/presion.png> <../04_Clima/Graphs/clima/densidad_diaria.png> <../04_Clima/Graphs/clima/densidad_media_diaria.png> <../04_Clima/Graphs/clima/densidad_hod.png>]
<../04_Clima/Graphs/clima/area.png, id=1050, 1204.5pt x 671.50874pt>
File: ../04_Clima/Graphs/clima/area.png Graphic file (type png)
<use ../04_Clima/Graphs/clima/area.png>
Package pdftex.def Info: ../04_Clima/Graphs/clima/area.png  used on input line 12.
(pdftex.def)             Requested size: 220.50885pt x 122.92587pt.
LaTeX Info: Redefining \. on input line 35.
LaTeX Info: Redefining \% on input line 35.
 [25 <../04_Clima/Graphs/clima/area.png>]
<../04_Clima/Graphs/rate_dayly/1EeV_ICRC_2015.png, id=1066, 903.375pt x 526.96875pt>
File: ../04_Clima/Graphs/rate_dayly/1EeV_ICRC_2015.png Graphic file (type png)
<use ../04_Clima/Graphs/rate_dayly/1EeV_ICRC_2015.png>
Package pdftex.def Info: ../04_Clima/Graphs/rate_dayly/1EeV_ICRC_2015.png  used on input line 57.
(pdftex.def)             Requested size: 220.50885pt x 128.63004pt.
<../04_Clima/Graphs/rate_hour_of_the_day/1EeV_ICRC_2015_old_herald.png, id=1067, 903.375pt x 564.60938pt>
File: ../04_Clima/Graphs/rate_hour_of_the_day/1EeV_ICRC_2015_old_herald.png Graphic file (type png)
<use ../04_Clima/Graphs/rate_hour_of_the_day/1EeV_ICRC_2015_old_herald.png>
Package pdftex.def Info: ../04_Clima/Graphs/rate_hour_of_the_day/1EeV_ICRC_2015_old_herald.png  used on input line 62.
(pdftex.def)             Requested size: 220.50885pt x 137.81789pt.

Overfull \hbox (2.61107pt too wide) in paragraph at lines 56--65
[][]  [] 
 []

LaTeX Info: Redefining \. on input line 67.
LaTeX Info: Redefining \% on input line 67.
[26]
<../04_Clima/Graphs/rate_dayly/2EeV_ICRC_2015.png, id=1074, 903.375pt x 526.96875pt>
File: ../04_Clima/Graphs/rate_dayly/2EeV_ICRC_2015.png Graphic file (type png)
<use ../04_Clima/Graphs/rate_dayly/2EeV_ICRC_2015.png>
Package pdftex.def Info: ../04_Clima/Graphs/rate_dayly/2EeV_ICRC_2015.png  used on input line 72.
(pdftex.def)             Requested size: 220.50885pt x 128.63004pt.
<../04_Clima/Graphs/rate_hour_of_the_day/2EeV_ICRC_2015_old_herald.png, id=1075, 903.375pt x 564.60938pt>
File: ../04_Clima/Graphs/rate_hour_of_the_day/2EeV_ICRC_2015_old_herald.png Graphic file (type png)
<use ../04_Clima/Graphs/rate_hour_of_the_day/2EeV_ICRC_2015_old_herald.png>
Package pdftex.def Info: ../04_Clima/Graphs/rate_hour_of_the_day/2EeV_ICRC_2015_old_herald.png  used on input line 77.
(pdftex.def)             Requested size: 220.50885pt x 137.81789pt.

Overfull \hbox (2.61107pt too wide) in paragraph at lines 71--80
[][]  [] 
 []

<../04_Clima/Graphs/params/ap_ICRC_2015_above_1EeV.png, id=1084, 1003.75pt x 620.3175pt>
File: ../04_Clima/Graphs/params/ap_ICRC_2015_above_1EeV.png Graphic file (type png)
<use ../04_Clima/Graphs/params/ap_ICRC_2015_above_1EeV.png>
Package pdftex.def Info: ../04_Clima/Graphs/params/ap_ICRC_2015_above_1EeV.png  used on input line 90.
(pdftex.def)             Requested size: 220.50885pt x 136.2715pt.
<../04_Clima/Graphs/params/arho_ICRC_2015_above_1EeV.png, id=1085, 1003.75pt x 610.28pt>
File: ../04_Clima/Graphs/params/arho_ICRC_2015_above_1EeV.png Graphic file (type png)
<use ../04_Clima/Graphs/params/arho_ICRC_2015_above_1EeV.png>
Package pdftex.def Info: ../04_Clima/Graphs/params/arho_ICRC_2015_above_1EeV.png  used on input line 96.
(pdftex.def)             Requested size: 220.50885pt x 134.06645pt.
<../04_Clima/Graphs/params/brho_ICRC_2015_above_1EeV.png, id=1086, 1003.75pt x 611.28375pt>
File: ../04_Clima/Graphs/params/brho_ICRC_2015_above_1EeV.png Graphic file (type png)
<use ../04_Clima/Graphs/params/brho_ICRC_2015_above_1EeV.png>
Package pdftex.def Info: ../04_Clima/Graphs/params/brho_ICRC_2015_above_1EeV.png  used on input line 103.
(pdftex.def)             Requested size: 220.50885pt x 134.28696pt.

Overfull \hbox (2.61107pt too wide) in paragraph at lines 89--107
[][]  []
 []

LaTeX Info: Redefining \. on input line 108.
LaTeX Info: Redefining \% on input line 108.
[27 <../04_Clima/Graphs/rate_dayly/1EeV_ICRC_2015.png> <../04_Clima/Graphs/rate_hour_of_the_day/1EeV_ICRC_2015_old_herald.png> <../04_Clima/Graphs/rate_dayly/2EeV_ICRC_2015.png> <../04_Clima/Graphs/rate_hour_of_the_day/2EeV_ICRC_2015_old_herald.png>]
LaTeX Info: Redefining \. on input line 136.
LaTeX Info: Redefining \% on input line 136.
 [28 <../04_Clima/Graphs/params/ap_ICRC_2015_above_1EeV.png> <../04_Clima/Graphs/params/arho_ICRC_2015_above_1EeV.png> <../04_Clima/Graphs/params/brho_ICRC_2015_above_1EeV.png>]
LaTeX Info: Redefining \. on input line 160.
LaTeX Info: Redefining \% on input line 160.
 [29]
<../04_Clima/Graphs/rate_dayly/1EeV_ICRC_2019_05_18.png, id=1135, 903.375pt x 489.32813pt>
File: ../04_Clima/Graphs/rate_dayly/1EeV_ICRC_2019_05_18.png Graphic file (type png)
<use ../04_Clima/Graphs/rate_dayly/1EeV_ICRC_2019_05_18.png>
Package pdftex.def Info: ../04_Clima/Graphs/rate_dayly/1EeV_ICRC_2019_05_18.png  used on input line 169.
(pdftex.def)             Requested size: 220.50885pt x 119.44217pt.
<../04_Clima/Graphs/rate_dayly/2EeV_ICRC_2019_05_19.png, id=1136, 903.375pt x 489.32813pt>
File: ../04_Clima/Graphs/rate_dayly/2EeV_ICRC_2019_05_19.png Graphic file (type png)
<use ../04_Clima/Graphs/rate_dayly/2EeV_ICRC_2019_05_19.png>
Package pdftex.def Info: ../04_Clima/Graphs/rate_dayly/2EeV_ICRC_2019_05_19.png  used on input line 175.
(pdftex.def)             Requested size: 220.50885pt x 119.44217pt.

Overfull \hbox (2.61107pt too wide) in paragraph at lines 168--179
[][]  [] 
 []

<../04_Clima/Graphs/rate_hour_of_the_day/1EeV_ICRC_2019_05_19.png, id=1137, 903.375pt x 489.32813pt>
File: ../04_Clima/Graphs/rate_hour_of_the_day/1EeV_ICRC_2019_05_19.png Graphic file (type png)
<use ../04_Clima/Graphs/rate_hour_of_the_day/1EeV_ICRC_2019_05_19.png>
Package pdftex.def Info: ../04_Clima/Graphs/rate_hour_of_the_day/1EeV_ICRC_2019_05_19.png  used on input line 183.
(pdftex.def)             Requested size: 218.3016pt x 118.24753pt.
<../04_Clima/Graphs/rate_hour_of_the_day/2EeV_ICRC_2019_05_18.png, id=1138, 903.375pt x 489.32813pt>
File: ../04_Clima/Graphs/rate_hour_of_the_day/2EeV_ICRC_2019_05_18.png Graphic file (type png)
<use ../04_Clima/Graphs/rate_hour_of_the_day/2EeV_ICRC_2019_05_18.png>
Package pdftex.def Info: ../04_Clima/Graphs/rate_hour_of_the_day/2EeV_ICRC_2019_05_18.png  used on input line 190.
(pdftex.def)             Requested size: 218.3016pt x 118.24753pt.
LaTeX Info: Redefining \. on input line 196.
LaTeX Info: Redefining \% on input line 196.
[30 <../04_Clima/Graphs/rate_dayly/1EeV_ICRC_2019_05_18.png> <../04_Clima/Graphs/rate_dayly/2EeV_ICRC_2019_05_19.png>]

Package hyperref Warning: Token not allowed in a PDF string (PDFDocEncoding):
(hyperref)                removing `math shift' on input line 200.


Package hyperref Warning: Token not allowed in a PDF string (PDFDocEncoding):
(hyperref)                removing `subscript' on input line 200.


Package hyperref Warning: Token not allowed in a PDF string (PDFDocEncoding):
(hyperref)                removing `math shift' on input line 200.

LaTeX Info: Redefining \. on input line 228.
LaTeX Info: Redefining \% on input line 228.
[31 <../04_Clima/Graphs/rate_hour_of_the_day/1EeV_ICRC_2019_05_19.png> <../04_Clima/Graphs/rate_hour_of_the_day/2EeV_ICRC_2019_05_18.png>]
<../04_Clima/Graphs/rate_dayly/0EeV_ICRC_2019_S38_05_18.png, id=1161, 903.375pt x 526.96875pt>
File: ../04_Clima/Graphs/rate_dayly/0EeV_ICRC_2019_S38_05_18.png Graphic file (type png)
<use ../04_Clima/Graphs/rate_dayly/0EeV_ICRC_2019_S38_05_18.png>
Package pdftex.def Info: ../04_Clima/Graphs/rate_dayly/0EeV_ICRC_2019_S38_05_18.png  used on input line 246.
(pdftex.def)             Requested size: 220.50885pt x 128.63004pt.
<../04_Clima/Graphs/rate_hour_of_the_day/0EeV_ICRC_2019_S38_05_18.png, id=1162, 903.375pt x 564.60938pt>
File: ../04_Clima/Graphs/rate_hour_of_the_day/0EeV_ICRC_2019_S38_05_18.png Graphic file (type png)
<use ../04_Clima/Graphs/rate_hour_of_the_day/0EeV_ICRC_2019_S38_05_18.png>
Package pdftex.def Info: ../04_Clima/Graphs/rate_hour_of_the_day/0EeV_ICRC_2019_S38_05_18.png  used on input line 252.
(pdftex.def)             Requested size: 220.50885pt x 137.81789pt.

Overfull \hbox (2.61107pt too wide) in paragraph at lines 245--256
[][]  [] 
 []

<../04_Clima/Graphs/params/ap_ICRC_2019_S38_above_0EeV.png, id=1167, 1003.75pt x 620.3175pt>
File: ../04_Clima/Graphs/params/ap_ICRC_2019_S38_above_0EeV.png Graphic file (type png)
<use ../04_Clima/Graphs/params/ap_ICRC_2019_S38_above_0EeV.png>
Package pdftex.def Info: ../04_Clima/Graphs/params/ap_ICRC_2019_S38_above_0EeV.png  used on input line 265.
(pdftex.def)             Requested size: 220.50885pt x 136.2715pt.
<../04_Clima/Graphs/params/arho_ICRC_2019_S38_above_0EeV.png, id=1168, 1003.75pt x 616.3025pt>
File: ../04_Clima/Graphs/params/arho_ICRC_2019_S38_above_0EeV.png Graphic file (type png)
<use ../04_Clima/Graphs/params/arho_ICRC_2019_S38_above_0EeV.png>
Package pdftex.def Info: ../04_Clima/Graphs/params/arho_ICRC_2019_S38_above_0EeV.png  used on input line 271.
(pdftex.def)             Requested size: 220.50885pt x 135.38948pt.
<../04_Clima/Graphs/params/brho_ICRC_2019_S38_above_0EeV.png, id=1169, 1003.75pt x 606.265pt>
File: ../04_Clima/Graphs/params/brho_ICRC_2019_S38_above_0EeV.png Graphic file (type png)
<use ../04_Clima/Graphs/params/brho_ICRC_2019_S38_above_0EeV.png>
Package pdftex.def Info: ../04_Clima/Graphs/params/brho_ICRC_2019_S38_above_0EeV.png  used on input line 278.
(pdftex.def)             Requested size: 220.50885pt x 133.18443pt.

Overfull \hbox (2.61107pt too wide) in paragraph at lines 264--282
[][]  []
 []

LaTeX Info: Redefining \. on input line 283.
LaTeX Info: Redefining \% on input line 283.
[32 <../04_Clima/Graphs/rate_dayly/0EeV_ICRC_2019_S38_05_18.png> <../04_Clima/Graphs/rate_hour_of_the_day/0EeV_ICRC_2019_S38_05_18.png>]
LaTeX Info: Redefining \. on input line 316.
LaTeX Info: Redefining \% on input line 316.
 [33 <../04_Clima/Graphs/params/ap_ICRC_2019_S38_above_0EeV.png> <../04_Clima/Graphs/params/arho_ICRC_2019_S38_above_0EeV.png> <../04_Clima/Graphs/params/brho_ICRC_2019_S38_above_0EeV.png>]
<../04_Clima/Graphs/2EeV_ICRC_2019_S38_S1000_expected.png, id=1191, 752.8125pt x 564.60938pt>
File: ../04_Clima/Graphs/2EeV_ICRC_2019_S38_S1000_expected.png Graphic file (type png)
<use ../04_Clima/Graphs/2EeV_ICRC_2019_S38_S1000_expected.png>
Package pdftex.def Info: ../04_Clima/Graphs/2EeV_ICRC_2019_S38_S1000_expected.png  used on input line 320.
(pdftex.def)             Requested size: 220.50885pt x 165.37802pt.
<../04_Clima/Graphs/2EeV_ICRC_2019_S38_S1000_expected_05_18.png, id=1192, 752.8125pt x 564.60938pt>
File: ../04_Clima/Graphs/2EeV_ICRC_2019_S38_S1000_expected_05_18.png Graphic file (type png)
<use ../04_Clima/Graphs/2EeV_ICRC_2019_S38_S1000_expected_05_18.png>
Package pdftex.def Info: ../04_Clima/Graphs/2EeV_ICRC_2019_S38_S1000_expected_05_18.png  used on input line 325.
(pdftex.def)             Requested size: 220.50885pt x 165.37802pt.

Overfull \hbox (2.61107pt too wide) in paragraph at lines 319--328
[][]  [] 
 []

LaTeX Info: Redefining \. on input line 337.
LaTeX Info: Redefining \% on input line 337.
[34 <../04_Clima/Graphs/2EeV_ICRC_2019_S38_S1000_expected.png (PNG copy)> <../04_Clima/Graphs/2EeV_ICRC_2019_S38_S1000_expected_05_18.png (PNG copy)>]) (../05_Weather_Modulation/weather_modulation_v3.tex
<../05_Weather_Modulation/weigth2014-2020_jan.png, id=1202, 903.375pt x 602.25pt>
File: ../05_Weather_Modulation/weigth2014-2020_jan.png Graphic file (type png)
<use ../05_Weather_Modulation/weigth2014-2020_jan.png>
Package pdftex.def Info: ../05_Weather_Modulation/weigth2014-2020_jan.png  used on input line 14.
(pdftex.def)             Requested size: 220.50885pt x 147.00575pt.
LaTeX Info: Redefining \. on input line 17.
LaTeX Info: Redefining \% on input line 17.
 [35]
<../05_Weather_Modulation/rate_total.png, id=1211, 903.375pt x 489.32813pt>
File: ../05_Weather_Modulation/rate_total.png Graphic file (type png)
<use ../05_Weather_Modulation/rate_total.png>
Package pdftex.def Info: ../05_Weather_Modulation/rate_total.png  used on input line 26.
(pdftex.def)             Requested size: 220.50885pt x 119.44217pt.
LaTeX Info: Redefining \. on input line 41.
LaTeX Info: Redefining \% on input line 41.
 [36 <../05_Weather_Modulation/weigth2014-2020_jan.png> <../05_Weather_Modulation/rate_total.png (PNG copy)>]
<../05_Weather_Modulation/rate_total_ajuste_weather.png, id=1227, 903.375pt x 489.32813pt>
File: ../05_Weather_Modulation/rate_total_ajuste_weather.png Graphic file (type png)
<use ../05_Weather_Modulation/rate_total_ajuste_weather.png>
Package pdftex.def Info: ../05_Weather_Modulation/rate_total_ajuste_weather.png  used on input line 73.
(pdftex.def)             Requested size: 220.50885pt x 119.44217pt.
LaTeX Info: Redefining \. on input line 77.
LaTeX Info: Redefining \% on input line 77.
 [37]
<../05_Weather_Modulation/2019_AllTriggers_1_2_EeV_con_vs_sin_peso.png, id=1246, 939.51pt x 578.16pt>
File: ../05_Weather_Modulation/2019_AllTriggers_1_2_EeV_con_vs_sin_peso.png Graphic file (type png)
<use ../05_Weather_Modulation/2019_AllTriggers_1_2_EeV_con_vs_sin_peso.png>
Package pdftex.def Info: ../05_Weather_Modulation/2019_AllTriggers_1_2_EeV_con_vs_sin_peso.png  used on input line 83.
(pdftex.def)             Requested size: 220.50885pt x 135.69118pt.
<../05_Weather_Modulation/rate_Ajuste.png, id=1247, 903.375pt x 489.32813pt>
File: ../05_Weather_Modulation/rate_Ajuste.png Graphic file (type png)
<use ../05_Weather_Modulation/rate_Ajuste.png>
Package pdftex.def Info: ../05_Weather_Modulation/rate_Ajuste.png  used on input line 93.
(pdftex.def)             Requested size: 220.50885pt x 119.44217pt.
<../05_Weather_Modulation/ap_6t5.png, id=1248, 903.375pt x 564.60938pt>
File: ../05_Weather_Modulation/ap_6t5.png Graphic file (type png)
<use ../05_Weather_Modulation/ap_6t5.png>
Package pdftex.def Info: ../05_Weather_Modulation/ap_6t5.png  used on input line 100.
(pdftex.def)             Requested size: 220.50885pt x 137.81789pt.
<../05_Weather_Modulation/arho_6t5.png, id=1249, 903.375pt x 564.60938pt>
File: ../05_Weather_Modulation/arho_6t5.png Graphic file (type png)
<use ../05_Weather_Modulation/arho_6t5.png>
Package pdftex.def Info: ../05_Weather_Modulation/arho_6t5.png  used on input line 105.
(pdftex.def)             Requested size: 220.50885pt x 137.81789pt.
<../05_Weather_Modulation/brho_6t5.png, id=1250, 903.375pt x 564.60938pt>
File: ../05_Weather_Modulation/brho_6t5.png Graphic file (type png)
<use ../05_Weather_Modulation/brho_6t5.png>
Package pdftex.def Info: ../05_Weather_Modulation/brho_6t5.png  used on input line 111.
(pdftex.def)             Requested size: 220.50885pt x 137.81789pt.
LaTeX Info: Redefining \. on input line 117.
LaTeX Info: Redefining \% on input line 117.
 [38 <../05_Weather_Modulation/rate_total_ajuste_weather.png (PNG copy)> <../05_Weather_Modulation/2019_AllTriggers_1_2_EeV_con_vs_sin_peso.png> <../05_Weather_Modulation/rate_Ajuste.png (PNG copy)>]
<../03_IntroduccionReport/daily_rate/daily_rate_AllTriggers_2017_1EeV.png, id=1260, 903.375pt x 489.32813pt>
File: ../03_IntroduccionReport/daily_rate/daily_rate_AllTriggers_2017_1EeV.png Graphic file (type png)
<use ../03_IntroduccionReport/daily_rate/daily_rate_AllTriggers_2017_1EeV.png>
Package pdftex.def Info: ../03_IntroduccionReport/daily_rate/daily_rate_AllTriggers_2017_1EeV.png  used on input line 131.
(pdftex.def)             Requested size: 220.50885pt x 119.44217pt.
<../03_IntroduccionReport/daily_rate/daily_rate_AllTriggers_2019_1EeV.png, id=1261, 903.375pt x 489.32813pt>
File: ../03_IntroduccionReport/daily_rate/daily_rate_AllTriggers_2019_1EeV.png Graphic file (type png)
<use ../03_IntroduccionReport/daily_rate/daily_rate_AllTriggers_2019_1EeV.png>
Package pdftex.def Info: ../03_IntroduccionReport/daily_rate/daily_rate_AllTriggers_2019_1EeV.png  used on input line 137.
(pdftex.def)             Requested size: 220.50885pt x 119.44217pt.
LaTeX Info: Redefining \. on input line 148.
LaTeX Info: Redefining \% on input line 148.
 [39 <../05_Weather_Modulation/ap_6t5.png (PNG copy)> <../05_Weather_Modulation/arho_6t5.png (PNG copy)> <../05_Weather_Modulation/brho_6t5.png (PNG copy)> <../03_IntroduccionReport/daily_rate/daily_rate_AllTriggers_2017_1EeV.png (PNG copy)> <../03_IntroduccionReport/daily_rate/daily_rate_AllTriggers_2019_1EeV.png (PNG copy)>]
<../03_IntroduccionReport/params/ap_2017_above_1EeV.png, id=1268, 752.8125pt x 564.60938pt>
File: ../03_IntroduccionReport/params/ap_2017_above_1EeV.png Graphic file (type png)
<use ../03_IntroduccionReport/params/ap_2017_above_1EeV.png>
Package pdftex.def Info: ../03_IntroduccionReport/params/ap_2017_above_1EeV.png  used on input line 160.
(pdftex.def)             Requested size: 220.50885pt x 165.37802pt.
<../03_IntroduccionReport/params/arho_2017_above_1EeV.png, id=1269, 752.8125pt x 564.60938pt>
File: ../03_IntroduccionReport/params/arho_2017_above_1EeV.png Graphic file (type png)
<use ../03_IntroduccionReport/params/arho_2017_above_1EeV.png>
Package pdftex.def Info: ../03_IntroduccionReport/params/arho_2017_above_1EeV.png  used on input line 166.
(pdftex.def)             Requested size: 220.50885pt x 165.37802pt.
<../03_IntroduccionReport/params/brho_2017_above_1EeV.png, id=1270, 752.8125pt x 564.60938pt>
File: ../03_IntroduccionReport/params/brho_2017_above_1EeV.png Graphic file (type png)
<use ../03_IntroduccionReport/params/brho_2017_above_1EeV.png>
Package pdftex.def Info: ../03_IntroduccionReport/params/brho_2017_above_1EeV.png  used on input line 173.
(pdftex.def)             Requested size: 220.50885pt x 165.37802pt.

Overfull \hbox (2.61107pt too wide) in paragraph at lines 159--177
[][]  []
 []

LaTeX Info: Redefining \. on input line 185.
LaTeX Info: Redefining \% on input line 185.
[40 <../03_IntroduccionReport/params/ap_2017_above_1EeV.png (PNG copy)> <../03_IntroduccionReport/params/arho_2017_above_1EeV.png (PNG copy)> <../03_IntroduccionReport/params/brho_2017_above_1EeV.png (PNG copy)>]
<../03_IntroduccionReport/daily_rate/daily_rate_AllTriggers_2020_1EeV.png, id=1278, 903.375pt x 489.32813pt>
File: ../03_IntroduccionReport/daily_rate/daily_rate_AllTriggers_2020_1EeV.png Graphic file (type png)
<use ../03_IntroduccionReport/daily_rate/daily_rate_AllTriggers_2020_1EeV.png>
Package pdftex.def Info: ../03_IntroduccionReport/daily_rate/daily_rate_AllTriggers_2020_1EeV.png  used on input line 188.
(pdftex.def)             Requested size: 220.50885pt x 119.44217pt.
<../03_IntroduccionReport/params/ap_2020_above_1EeV.png, id=1279, 752.8125pt x 564.60938pt>
File: ../03_IntroduccionReport/params/ap_2020_above_1EeV.png Graphic file (type png)
<use ../03_IntroduccionReport/params/ap_2020_above_1EeV.png>
Package pdftex.def Info: ../03_IntroduccionReport/params/ap_2020_above_1EeV.png  used on input line 201.
(pdftex.def)             Requested size: 220.50885pt x 165.37802pt.
<../03_IntroduccionReport/params/arho_2020_above_1EeV.png, id=1280, 752.8125pt x 564.60938pt>
File: ../03_IntroduccionReport/params/arho_2020_above_1EeV.png Graphic file (type png)
<use ../03_IntroduccionReport/params/arho_2020_above_1EeV.png>
Package pdftex.def Info: ../03_IntroduccionReport/params/arho_2020_above_1EeV.png  used on input line 207.
(pdftex.def)             Requested size: 220.50885pt x 165.37802pt.
<../03_IntroduccionReport/params/brho_2020_above_1EeV.png, id=1281, 752.8125pt x 564.60938pt>
File: ../03_IntroduccionReport/params/brho_2020_above_1EeV.png Graphic file (type png)
<use ../03_IntroduccionReport/params/brho_2020_above_1EeV.png>
Package pdftex.def Info: ../03_IntroduccionReport/params/brho_2020_above_1EeV.png  used on input line 214.
(pdftex.def)             Requested size: 220.50885pt x 165.37802pt.

Overfull \hbox (2.61107pt too wide) in paragraph at lines 200--218
[][]  []
 []

LaTeX Info: Redefining \. on input line 220.
LaTeX Info: Redefining \% on input line 220.
[41 <../03_IntroduccionReport/daily_rate/daily_rate_AllTriggers_2020_1EeV.png (PNG copy)>]
<../03_IntroduccionReport/params/ap_2017_2020_above_1EeV.png, id=1289, 752.8125pt x 564.60938pt>
File: ../03_IntroduccionReport/params/ap_2017_2020_above_1EeV.png Graphic file (type png)
<use ../03_IntroduccionReport/params/ap_2017_2020_above_1EeV.png>
Package pdftex.def Info: ../03_IntroduccionReport/params/ap_2017_2020_above_1EeV.png  used on input line 228.
(pdftex.def)             Requested size: 220.50885pt x 165.37802pt.
<../03_IntroduccionReport/params/arho_2017_2020_above_1EeV.png, id=1290, 752.8125pt x 564.60938pt>
File: ../03_IntroduccionReport/params/arho_2017_2020_above_1EeV.png Graphic file (type png)
<use ../03_IntroduccionReport/params/arho_2017_2020_above_1EeV.png>
Package pdftex.def Info: ../03_IntroduccionReport/params/arho_2017_2020_above_1EeV.png  used on input line 233.
(pdftex.def)             Requested size: 220.50885pt x 165.37802pt.
<../03_IntroduccionReport/params/brho_2017_2020_above_1EeV.png, id=1291, 752.8125pt x 564.60938pt>
File: ../03_IntroduccionReport/params/brho_2017_2020_above_1EeV.png Graphic file (type png)
<use ../03_IntroduccionReport/params/brho_2017_2020_above_1EeV.png>
Package pdftex.def Info: ../03_IntroduccionReport/params/brho_2017_2020_above_1EeV.png  used on input line 239.
(pdftex.def)             Requested size: 220.50885pt x 165.37802pt.

Overfull \hbox (2.61107pt too wide) in paragraph at lines 227--242
[][]  []
 []

LaTeX Info: Redefining \. on input line 244.
LaTeX Info: Redefining \% on input line 244.
[42 <../03_IntroduccionReport/params/ap_2020_above_1EeV.png (PNG copy)> <../03_IntroduccionReport/params/arho_2020_above_1EeV.png (PNG copy)> <../03_IntroduccionReport/params/brho_2020_above_1EeV.png (PNG copy)>])
LaTeX Info: Redefining \. on input line 159.
LaTeX Info: Redefining \% on input line 159.
 [43 <../03_IntroduccionReport/params/ap_2017_2020_above_1EeV.png (PNG copy)> <../03_IntroduccionReport/params/arho_2017_2020_above_1EeV.png (PNG copy)> <../03_IntroduccionReport/params/brho_2017_2020_above_1EeV.png (PNG copy)>]
Cap\'{\i }tulo 4.
(../06_MetodoRayleigh/metodo_v5.tex [44

]
LaTeX Info: Redefining \. on input line 41.
LaTeX Info: Redefining \% on input line 41.
 [45]
<../06_MetodoRayleigh/pesos_referencia.png, id=1329, 571.13374pt x 482.80376pt>
File: ../06_MetodoRayleigh/pesos_referencia.png Graphic file (type png)
<use ../06_MetodoRayleigh/pesos_referencia.png>
Package pdftex.def Info: ../06_MetodoRayleigh/pesos_referencia.png  used on input line 57.
(pdftex.def)             Requested size: 264.61331pt x 223.69106pt.
<../06_MetodoRayleigh/weigths_2004-2017.pdf, id=1332, 917.82903pt x 485.6544pt>
File: ../06_MetodoRayleigh/weigths_2004-2017.pdf Graphic file (type pdf)
<use ../06_MetodoRayleigh/weigths_2004-2017.pdf>
Package pdftex.def Info: ../06_MetodoRayleigh/weigths_2004-2017.pdf  used on input line 64.
(pdftex.def)             Requested size: 352.8155pt x 186.6848pt.
LaTeX Info: Redefining \. on input line 68.
LaTeX Info: Redefining \% on input line 68.
 [46 <../06_MetodoRayleigh/pesos_referencia.png>]
LaTeX Info: Redefining \. on input line 83.
LaTeX Info: Redefining \% on input line 83.
 [47 <../06_MetodoRayleigh/weigths_2004-2017.pdf>]

LaTeX Warning: Reference `specs' on page 48 undefined on input line 99.

LaTeX Info: Redefining \. on input line 108.
LaTeX Info: Redefining \% on input line 108.
[48]
LaTeX Info: Redefining \. on input line 137.
LaTeX Info: Redefining \% on input line 137.
 [49]
<../06_MetodoRayleigh/sin_pesos_referencia_8_EeV.png, id=1441, 867.24pt x 578.16pt>
File: ../06_MetodoRayleigh/sin_pesos_referencia_8_EeV.png Graphic file (type png)
<use ../06_MetodoRayleigh/sin_pesos_referencia_8_EeV.png>
Package pdftex.def Info: ../06_MetodoRayleigh/sin_pesos_referencia_8_EeV.png  used on input line 143.
(pdftex.def)             Requested size: 330.76328pt x 220.50587pt.
)
LaTeX Info: Redefining \. on input line 163.
LaTeX Info: Redefining \% on input line 163.
 [50 <../06_MetodoRayleigh/sin_pesos_referencia_8_EeV.png>]
Cap\'{\i }tulo 5.
(../EW/report_EW_calculo_v3.tex [51

]
LaTeX Info: Redefining \. on input line 55.
LaTeX Info: Redefining \% on input line 55.
 [52]
LaTeX Info: Redefining \. on input line 87.
LaTeX Info: Redefining \% on input line 87.
 [53]
LaTeX Info: Redefining \. on input line 123.
LaTeX Info: Redefining \% on input line 123.


Package Fancyhdr Warning: \headheight is too small (15.68335pt): 
Make it at least 27.18335pt.
We now make it that large for the rest of the document.
This may cause the page layout to be inconsistent, however.

[54]
LaTeX Info: Redefining \. on input line 159.
LaTeX Info: Redefining \% on input line 159.
 [55]
LaTeX Info: Redefining \. on input line 193.
LaTeX Info: Redefining \% on input line 193.
 [56]

Package hyperref Warning: Token not allowed in a PDF string (PDFDocEncoding):
(hyperref)                removing `math shift' on input line 221.


Package hyperref Warning: Token not allowed in a PDF string (PDFDocEncoding):
(hyperref)                removing `math shift' on input line 221.

LaTeX Info: Redefining \. on input line 224.
LaTeX Info: Redefining \% on input line 224.
[57])
LaTeX Info: Redefining \. on input line 167.
LaTeX Info: Redefining \% on input line 167.
 [58]
Cap\'{\i }tulo 6.
(../EW/report_EW_PDF.tex [59

]
<../EW/bessel_prob_value_s_v2.pdf, id=1576, 867.24pt x 578.16pt>
File: ../EW/bessel_prob_value_s_v2.pdf Graphic file (type pdf)
<use ../EW/bessel_prob_value_s_v2.pdf>
Package pdftex.def Info: ../EW/bessel_prob_value_s_v2.pdf  used on input line 36.
(pdftex.def)             Requested size: 330.76328pt x 220.50587pt.
LaTeX Info: Redefining \. on input line 54.
LaTeX Info: Redefining \% on input line 54.
 [60 <../EW/bessel_prob_value_s_v2.pdf>]
<../EW/bessel_prob_iterations_v2.pdf, id=1630, 867.24pt x 578.16pt>
File: ../EW/bessel_prob_iterations_v2.pdf Graphic file (type pdf)
<use ../EW/bessel_prob_iterations_v2.pdf>
Package pdftex.def Info: ../EW/bessel_prob_iterations_v2.pdf  used on input line 66.
(pdftex.def)             Requested size: 330.76328pt x 220.50587pt.
LaTeX Info: Redefining \. on input line 79.
LaTeX Info: Redefining \% on input line 79.
 [61 <../EW/bessel_prob_iterations_v2.pdf>]
<../EW/bessel_prob_ej_v2.pdf, id=1701, 867.24pt x 578.16pt>
File: ../EW/bessel_prob_ej_v2.pdf Graphic file (type pdf)
<use ../EW/bessel_prob_ej_v2.pdf>
Package pdftex.def Info: ../EW/bessel_prob_ej_v2.pdf  used on input line 89.
(pdftex.def)             Requested size: 330.76328pt x 220.50587pt.
LaTeX Info: Redefining \. on input line 102.
LaTeX Info: Redefining \% on input line 102.
 [62 <../EW/bessel_prob_ej_v2.pdf>]
<../EW/phase_prob_ej_v2.pdf, id=1763, 867.24pt x 578.16pt>
File: ../EW/phase_prob_ej_v2.pdf Graphic file (type pdf)
<use ../EW/phase_prob_ej_v2.pdf>
Package pdftex.def Info: ../EW/phase_prob_ej_v2.pdf  used on input line 128.
(pdftex.def)             Requested size: 330.76328pt x 220.50587pt.
)
LaTeX Info: Redefining \. on input line 170.
LaTeX Info: Redefining \% on input line 170.
 [63]
LaTeX Info: Redefining \. on input line 171.
LaTeX Info: Redefining \% on input line 171.
 [64 <../EW/phase_prob_ej_v2.pdf>]
Cap\'{\i }tulo 7.
[65

]
Cap\'{\i }tulo 8.
(../EW/report_EW_results_Ray.tex [66

]
<../EW/phase_primer_bin_v3.pdf, id=1851, 650.43pt x 650.43pt>
File: ../EW/phase_primer_bin_v3.pdf Graphic file (type pdf)
<use ../EW/phase_primer_bin_v3.pdf>
Package pdftex.def Info: ../EW/phase_primer_bin_v3.pdf  used on input line 72.
(pdftex.def)             Requested size: 264.61331pt x 264.61368pt.
LaTeX Info: Redefining \. on input line 79.
LaTeX Info: Redefining \% on input line 79.
 [67]
<../EW/plot_bin_1_barrido_v3_EW.pdf, id=1861, 867.24pt x 578.16pt>
File: ../EW/plot_bin_1_barrido_v3_EW.pdf Graphic file (type pdf)
<use ../EW/plot_bin_1_barrido_v3_EW.pdf>
Package pdftex.def Info: ../EW/plot_bin_1_barrido_v3_EW.pdf  used on input line 83.
(pdftex.def)             Requested size: 330.76328pt x 220.50587pt.
LaTeX Info: Redefining \. on input line 118.
LaTeX Info: Redefining \% on input line 118.
 [68 <../EW/phase_primer_bin_v3.pdf> <../EW/plot_bin_1_barrido_v3_EW.pdf

pdfTeX warning: pdflatex (file ../EW/plot_bin_1_barrido_v3_EW.pdf): PDF inclusion: multiple pdfs with page group included in a single page
>]
<../EW/phase_segundo_bin_v3.pdf, id=1970, 650.43pt x 650.43pt>
File: ../EW/phase_segundo_bin_v3.pdf Graphic file (type pdf)
<use ../EW/phase_segundo_bin_v3.pdf>
Package pdftex.def Info: ../EW/phase_segundo_bin_v3.pdf  used on input line 126.
(pdftex.def)             Requested size: 264.61331pt x 264.61368pt.
LaTeX Info: Redefining \. on input line 135.
LaTeX Info: Redefining \% on input line 135.
 [69 <../EW/phase_segundo_bin_v3.pdf>]
<../EW/plot_bin_2_barrido_v3_EW.pdf, id=2020, 867.24pt x 578.16pt>
File: ../EW/plot_bin_2_barrido_v3_EW.pdf Graphic file (type pdf)
<use ../EW/plot_bin_2_barrido_v3_EW.pdf>
Package pdftex.def Info: ../EW/plot_bin_2_barrido_v3_EW.pdf  used on input line 139.
(pdftex.def)             Requested size: 330.76328pt x 220.50587pt.
LaTeX Info: Redefining \. on input line 175.
LaTeX Info: Redefining \% on input line 175.
 [70 <../EW/plot_bin_2_barrido_v3_EW.pdf>]
<../EW/phase_tercer_bin_v3.pdf, id=2097, 650.43pt x 650.43pt>
File: ../EW/phase_tercer_bin_v3.pdf Graphic file (type pdf)
<use ../EW/phase_tercer_bin_v3.pdf>
Package pdftex.def Info: ../EW/phase_tercer_bin_v3.pdf  used on input line 207.
(pdftex.def)             Requested size: 264.61331pt x 264.61368pt.
LaTeX Info: Redefining \. on input line 214.
LaTeX Info: Redefining \% on input line 214.
 [71]
<../EW/plot_bin_3_barrido_v3_EW.pdf, id=2107, 867.24pt x 578.16pt>
File: ../EW/plot_bin_3_barrido_v3_EW.pdf Graphic file (type pdf)
<use ../EW/plot_bin_3_barrido_v3_EW.pdf>
Package pdftex.def Info: ../EW/plot_bin_3_barrido_v3_EW.pdf  used on input line 222.
(pdftex.def)             Requested size: 330.76328pt x 220.50587pt.
LaTeX Info: Redefining \. on input line 232.
LaTeX Info: Redefining \% on input line 232.
 [72 <../EW/phase_tercer_bin_v3.pdf> <../EW/plot_bin_3_barrido_v3_EW.pdf

pdfTeX warning: pdflatex (file ../EW/plot_bin_3_barrido_v3_EW.pdf): PDF inclusion: multiple pdfs with page group included in a single page
>]
<../EW/d_perp_normalizado_sigmas_v5.pdf, id=2213, 867.24pt x 578.16pt>
File: ../EW/d_perp_normalizado_sigmas_v5.pdf Graphic file (type pdf)
<use ../EW/d_perp_normalizado_sigmas_v5.pdf>
Package pdftex.def Info: ../EW/d_perp_normalizado_sigmas_v5.pdf  used on input line 262.
(pdftex.def)             Requested size: 330.76328pt x 220.50587pt.
<../EW/comparando_sigmas_v3.pdf, id=2219, 954.68669pt x 625.13548pt>
File: ../EW/comparando_sigmas_v3.pdf Graphic file (type pdf)
<use ../EW/comparando_sigmas_v3.pdf>
Package pdftex.def Info: ../EW/comparando_sigmas_v3.pdf  used on input line 279.
(pdftex.def)             Requested size: 396.91324pt x 259.90332pt.
LaTeX Info: Redefining \. on input line 285.
LaTeX Info: Redefining \% on input line 285.
 [73 <../EW/d_perp_normalizado_sigmas_v5.pdf>])
LaTeX Info: Redefining \. on input line 181.
LaTeX Info: Redefining \% on input line 181.
 [74 <../EW/comparando_sigmas_v3.pdf>]
Cap\'{\i }tulo 9.
[75

]
Ap\'{e}ndice A.
(../Apendice/apend_v2.tex) [76

] (./tesis.bbl [77


]
Underfull \hbox (badness 10000) in paragraph at lines 102--105
[]$\OT1/cmtt/m/n/12 https : / / web . ikp . kit . edu / augeroracle / lib / exe / fetch . php ? media = auger :
 []

LaTeX Info: Redefining \. on input line 139.
LaTeX Info: Redefining \% on input line 139.
[78])
LaTeX Info: Redefining \. on input line 190.
LaTeX Info: Redefining \% on input line 190.
 [79]
Package atveryend Info: Empty hook `BeforeClearDocument' on input line 193.
Package atveryend Info: Empty hook `AfterLastShipout' on input line 193.
 (./tesis.aux
LaTeX Info: Redefining \. on input line 27.
LaTeX Info: Redefining \% on input line 27.
)
Package atveryend Info: Executing hook `AtVeryEndDocument' on input line 193.
Package atveryend Info: Executing hook `AtEndAfterFileList' on input line 193.
Package rerunfilecheck Info: File `tesis.out' has not changed.
(rerunfilecheck)             Checksum: EEBD0FE1DD5B45649F3739CC0C16918C;6578.


LaTeX Warning: There were undefined references.

Package atveryend Info: Empty hook `AtVeryVeryEnd' on input line 193.
 ) 
Here is how much of TeX's memory you used:
 14317 strings out of 482719
 229578 string characters out of 5953361
 542005 words of memory out of 5000000
 28859 multiletter control sequences out of 15000+600000
 555121 words of font info for 107 fonts, out of 8000000 for 9000
 85 hyphenation exceptions out of 8191
 51i,17n,53p,1628b,897s stack positions out of 5000i,500n,10000p,200000b,80000s
</usr/share/texlive/texmf-dist/fonts/type1/public/amsfonts/cm/cmbx10.pfb></usr/share/texlive/texmf-dist/fonts/type1/public/amsfonts/cm/cmbx12.pfb></usr/share/texlive/texmf-dist/fonts/type1/public/amsfonts/cm/cmex10.pfb></usr/share/texlive/texmf-dist/fonts/type1/public/amsfonts/cmextra/cmex8.pfb></usr/share/texlive/texmf-dist/fonts/type1/public/amsfonts/cm/cmmi10.pfb></usr/share/texlive/texmf-dist/fonts/type1/public/amsfonts/cm/cmmi12.pfb></usr/share/texlive/texmf-dist/fonts/type1/public/amsfonts/cm/cmmi5.pfb></usr/share/texlive/texmf-dist/fonts/type1/public/amsfonts/cm/cmmi6.pfb></usr/share/texlive/texmf-dist/fonts/type1/public/amsfonts/cm/cmmi7.pfb></usr/share/texlive/texmf-dist/fonts/type1/public/amsfonts/cm/cmmi8.pfb></usr/share/texlive/texmf-dist/fonts/type1/public/amsfonts/cm/cmr10.pfb></usr/share/texlive/texmf-dist/fonts/type1/public/amsfonts/cm/cmr12.pfb></usr/share/texlive/texmf-dist/fonts/type1/public/amsfonts/cm/cmr17.pfb></usr/share/texlive/texmf-dist/fonts/type1/public/amsfonts/cm/cmr6.pfb></usr/share/texlive/texmf-dist/fonts/type1/public/amsfonts/cm/cmr7.pfb></usr/share/texlive/texmf-dist/fonts/type1/public/amsfonts/cm/cmr8.pfb></usr/share/texlive/texmf-dist/fonts/type1/public/amsfonts/cm/cmss12.pfb></usr/share/texlive/texmf-dist/fonts/type1/public/amsfonts/cm/cmsy10.pfb></usr/share/texlive/texmf-dist/fonts/type1/public/amsfonts/cm/cmsy6.pfb></usr/share/texlive/texmf-dist/fonts/type1/public/amsfonts/cm/cmsy7.pfb></usr/share/texlive/texmf-dist/fonts/type1/public/amsfonts/cm/cmsy8.pfb></usr/share/texlive/texmf-dist/fonts/type1/public/amsfonts/cm/cmti10.pfb></usr/share/texlive/texmf-dist/fonts/type1/public/amsfonts/cm/cmti12.pfb></usr/share/texlive/texmf-dist/fonts/type1/public/amsfonts/cm/cmtt12.pfb>
Output written on tesis.pdf (88 pages, 4142071 bytes).
PDF statistics:
 2534 PDF objects out of 2984 (max. 8388607)
 1693 compressed objects within 17 object streams
 394 named destinations out of 1000 (max. 500000)
 956 words of extra memory for PDF output out of 10000 (max. 10000000)

