\BOOKMARK [0][-]{section*.1}{\315ndice de s\355mbolos}{}% 1
\BOOKMARK [0][-]{section*.3}{\315ndice de contenidos}{}% 2
\BOOKMARK [0][-]{section*.5}{\315ndice de figuras}{}% 3
\BOOKMARK [0][-]{chapter.1}{Introducci\363n}{}% 4
\BOOKMARK [1][-]{section.1.1}{Rayos c\363smicos}{chapter.1}% 5
\BOOKMARK [1][-]{section.1.2}{Espectro de energ\355as}{chapter.1}% 6
\BOOKMARK [1][-]{section.1.3}{Lluvias atmosf\351ricas extendidas}{chapter.1}% 7
\BOOKMARK [1][-]{section.1.4}{Descripci\363n de una anisotrop\355a dipolar}{chapter.1}% 8
\BOOKMARK [2][-]{subsection.1.4.1}{Representaci\363n en coordenadas locales de una anisotrop\355a dipolar}{section.1.4}% 9
\BOOKMARK [0][-]{chapter.2}{El Observatorio Pierre Auger}{}% 10
\BOOKMARK [1][-]{section.2.1}{Introducci\363n}{chapter.2}% 11
\BOOKMARK [1][-]{section.2.2}{Detecci\363n de Rayos C\363smicos}{chapter.2}% 12
\BOOKMARK [2][-]{subsection.2.2.1}{El Detector de Superficie y el Detector de Fluorescencia}{section.2.2}% 13
\BOOKMARK [2][-]{subsection.2.2.2}{Dise\361o h\355brido}{section.2.2}% 14
\BOOKMARK [1][-]{section.2.3}{Reconstrucci\363n de eventos de los detectores de superficie}{chapter.2}% 15
\BOOKMARK [2][-]{subsection.2.3.1}{Selecci\363n de eventos}{section.2.3}% 16
\BOOKMARK [2][-]{subsection.2.3.2}{Reconstrucci\363n de las lluvias}{section.2.3}% 17
\BOOKMARK [2][-]{subsection.2.3.3}{Calibraci\363n de la energ\355a}{section.2.3}% 18
\BOOKMARK [2][-]{subsection.2.3.4}{Monitoreo del clima}{section.2.3}% 19
\BOOKMARK [1][-]{section.2.4}{Algoritmos de disparo del detector de superficie}{chapter.2}% 20
\BOOKMARK [2][-]{subsection.2.4.1}{Disparo Est\341ndar}{section.2.4}% 21
\BOOKMARK [2][-]{subsection.2.4.2}{Todos los Disparos}{section.2.4}% 22
\BOOKMARK [1][-]{section.2.5}{Acerca de los eventos utilizados en este trabajo}{chapter.2}% 23
\BOOKMARK [2][-]{subsection.2.5.1}{Acerca del registro de hex\341gonos}{section.2.5}% 24
\BOOKMARK [0][-]{chapter.3}{Modulaci\363n del clima para eventos registrados por el Observatorio Pierre Auger}{}% 25
\BOOKMARK [1][-]{section.3.1}{Eventos asociados al Disparo Est\341ndar en el rango 2004-2018}{chapter.3}% 26
\BOOKMARK [1][-]{section.3.2}{La f\355sica detr\341s de la modulaci\363n del clima}{chapter.3}% 27
\BOOKMARK [2][-]{subsection.3.2.1}{Trabajos anteriores}{section.3.2}% 28
\BOOKMARK [2][-]{subsection.3.2.2}{Condiciones clim\341ticas y \341rea activa del observatorio Pierre Auger}{section.3.2}% 29
\BOOKMARK [1][-]{section.3.3}{Resultados para el arreglo de detectores de superficie de 1500m de distancia}{chapter.3}% 30
\BOOKMARK [2][-]{subsection.3.3.1}{Datos presentados en la ICRC 2015}{section.3.3}% 31
\BOOKMARK [2][-]{subsection.3.3.2}{Datos presentados en la ICRC 2019}{section.3.3}% 32
\BOOKMARK [2][-]{subsection.3.3.3}{Datos presentados en la ICRC 2019 usando S38 sin corregir por el clima}{section.3.3}% 33
\BOOKMARK [2][-]{subsection.3.3.4}{Datos presentados en la ICRC 2019 usando la energ\355a reconstruida en este trabajo}{section.3.3}% 34
\BOOKMARK [1][-]{section.3.4}{Trabajos futuros}{chapter.3}% 35
\BOOKMARK [1][-]{section.3.5}{Eventos asociados a Todos los Disparos en el rango 2014-2020 }{chapter.3}% 36
\BOOKMARK [2][-]{subsection.3.5.1}{Pesos de los hex\341gonos}{section.3.5}% 37
\BOOKMARK [2][-]{subsection.3.5.2}{Anisotrop\355a}{section.3.5}% 38
\BOOKMARK [2][-]{subsection.3.5.3}{Correcci\363n del clima}{section.3.5}% 39
\BOOKMARK [0][-]{chapter.4}{M\351todo Rayleigh}{}% 40
\BOOKMARK [1][-]{section.4.1}{Frecuencias de referencia}{chapter.4}% 41
\BOOKMARK [1][-]{section.4.2}{Variaciones relativas de los hex\341gonos}{chapter.4}% 42
\BOOKMARK [2][-]{subsection.4.2.1}{C\341lculo de las variaciones relativas de los h\351xagonos}{section.4.2}% 43
\BOOKMARK [1][-]{section.4.3}{Descripci\363n del m\351todo Rayleigh}{chapter.4}% 44
\BOOKMARK [2][-]{subsection.4.3.1}{Caso dipolar}{section.4.3}% 45
\BOOKMARK [2][-]{subsection.4.3.2}{An\341lisis para frecuencias arbitrarias}{section.4.3}% 46
\BOOKMARK [2][-]{subsection.4.3.3}{C\341lculo de Rayleigh en ascensi\363n recta para una frecuencia dada}{section.4.3}% 47
\BOOKMARK [0][-]{chapter.5}{M\351todo East-West}{}% 48
\BOOKMARK [1][-]{section.5.1}{Descripci\363n formal del m\351todo East-West}{chapter.5}% 49
\BOOKMARK [2][-]{subsection.5.1.1}{Flujo de eventos del Este y Oeste}{section.5.1}% 50
\BOOKMARK [2][-]{subsection.5.1.2}{Aproximaciones del m\351todo}{section.5.1}% 51
\BOOKMARK [2][-]{subsection.5.1.3}{C\341lculo de la diferencia de flujos}{section.5.1}% 52
\BOOKMARK [1][-]{section.5.2}{Estimaci\363n de la componente ecuatorial del dipolo mediante el an\341lisis del primer arm\363nico}{chapter.5}% 53
\BOOKMARK [2][-]{subsection.5.2.1}{C\341lculo de la amplitud del dipolo para los eventos de Todos los Disparos}{section.5.2}% 54
\BOOKMARK [2][-]{subsection.5.2.2}{C\341lculo para frecuencias arbitrarias}{section.5.2}% 55
\BOOKMARK [1][-]{section.5.3}{Verificaci\363n del c\363digo}{chapter.5}% 56
\BOOKMARK [2][-]{subsection.5.3.1}{Comparaci\363n con el trabajo de la Colaboraci\363n Auger}{section.5.3}% 57
\BOOKMARK [2][-]{subsection.5.3.2}{Comparando con la variable \040con la ascensi\363n recta del cenit }{section.5.3}% 58
\BOOKMARK [0][-]{chapter.6}{Distribuci\363n de probabilidad de la amplitud y fase del dipolo}{}% 59
\BOOKMARK [1][-]{section.6.1}{Distribuci\363n de probabilidad de la amplitud}{chapter.6}% 60
\BOOKMARK [2][-]{subsection.6.1.1}{Haciendo la cuenta de los m\341rgenes de confianza de la amplitud}{section.6.1}% 61
\BOOKMARK [1][-]{section.6.2}{Distribuci\363n de probabilidad de la fase del dipolo}{chapter.6}% 62
\BOOKMARK [0][-]{chapter.7}{Resultados del m\351todo Rayleigh}{}% 63
\BOOKMARK [0][-]{chapter.8}{Resultados del m\351todo East - West}{}% 64
\BOOKMARK [1][-]{section.8.1}{Resultados en distintos rangos de energ\355a}{chapter.8}% 65
\BOOKMARK [2][-]{subsection.8.1.1}{Resultados en el rango 0.25 EeV - 0.5 EeV}{section.8.1}% 66
\BOOKMARK [2][-]{subsection.8.1.2}{Resultados en el rango 0.5 EeV - 1 EeV}{section.8.1}% 67
\BOOKMARK [2][-]{subsection.8.1.3}{Resultados en el rango 1 EeV - 2 EeV}{section.8.1}% 68
\BOOKMARK [1][-]{section.8.2}{An\341lisis de los resultados}{chapter.8}% 69
\BOOKMARK [0][-]{chapter.9}{Conclusiones}{}% 70
\BOOKMARK [0][-]{appendix.Alph1}{Coordenadas celestes}{}% 71
\BOOKMARK [1][-]{section.Alph1.1}{Coordenadas Ecuatoriales}{appendix.Alph1}% 72
\BOOKMARK [1][-]{section.Alph1.2}{Coordenadas Locales}{appendix.Alph1}% 73
\BOOKMARK [2][-]{subsection.Alph1.2.1}{Relaci\363n entre las coordenadas locales y ecuatoriales}{section.Alph1.2}% 74
\BOOKMARK [0][-]{section*.79}{Bibliograf\355a}{}% 75
