\BOOKMARK [0][-]{section*.1}{\315ndice de s\355mbolos}{}% 1
\BOOKMARK [0][-]{section*.3}{\315ndice de contenidos}{}% 2
\BOOKMARK [0][-]{section*.5}{\315ndice de figuras}{}% 3
\BOOKMARK [0][-]{section*.7}{Resumen}{}% 4
\BOOKMARK [0][-]{section*.9}{\321emombyky}{}% 5
\BOOKMARK [0][-]{chapter.1}{Introducci\363n}{}% 6
\BOOKMARK [0][-]{chapter.2}{Rayos c\363smicos}{}% 7
\BOOKMARK [1][-]{section.2.1}{Espectro de energ\355as}{chapter.2}% 8
\BOOKMARK [1][-]{section.2.2}{Lluvias atmosf\351ricas extendidas}{chapter.2}% 9
\BOOKMARK [0][-]{chapter.3}{El Observatorio Pierre Auger}{}% 10
\BOOKMARK [1][-]{section.3.1}{Introducci\363n}{chapter.3}% 11
\BOOKMARK [1][-]{section.3.2}{Detecci\363n de Rayos C\363smicos}{chapter.3}% 12
\BOOKMARK [2][-]{subsection.3.2.1}{ El detector de superficie y el detector de Fluorescencia}{section.3.2}% 13
\BOOKMARK [2][-]{subsection.3.2.2}{Dise\361o h\355brido}{section.3.2}% 14
\BOOKMARK [1][-]{section.3.3}{Reconstrucci\363n de eventos de los detectores de superficie}{chapter.3}% 15
\BOOKMARK [2][-]{subsection.3.3.1}{Selecci\363n de eventos}{section.3.3}% 16
\BOOKMARK [2][-]{subsection.3.3.2}{Reconstrucci\363n de las lluvias}{section.3.3}% 17
\BOOKMARK [2][-]{subsection.3.3.3}{Calibraci\363n de la energ\355a}{section.3.3}% 18
\BOOKMARK [2][-]{subsection.3.3.4}{Monitoreo del clima}{section.3.3}% 19
\BOOKMARK [0][-]{chapter.4}{An\341lisis de los efectos del clima sobre los datos del Observatorio Pierre Auger}{}% 20
\BOOKMARK [1][-]{section.4.1}{La f\355sica detr\341s de la modulaci\363n del clima}{chapter.4}% 21
\BOOKMARK [2][-]{subsection.4.1.1}{Trabajos anteriores}{section.4.1}% 22
\BOOKMARK [2][-]{subsection.4.1.2}{Condiciones clim\341ticas y \341rea activa del observatorio Pierre Auger}{section.4.1}% 23
\BOOKMARK [1][-]{section.4.2}{Resultados para el arreglo de detectores de superficie de 1500m de distancia}{chapter.4}% 24
\BOOKMARK [2][-]{subsection.4.2.1}{Datos presentados en la ICRC 2015}{section.4.2}% 25
\BOOKMARK [2][-]{subsection.4.2.2}{Datos presentados en la ICRC 2019}{section.4.2}% 26
\BOOKMARK [2][-]{subsection.4.2.3}{Datos presentados en la ICRC 2019 usando S38 sin corregir por el clima}{section.4.2}% 27
\BOOKMARK [2][-]{subsection.4.2.4}{Datos presentados en la ICRC 2019 usando la energ\355a reconstruida en este trabajo}{section.4.2}% 28
\BOOKMARK [1][-]{section.4.3}{Trabajos futuros}{chapter.4}% 29
\BOOKMARK [0][-]{chapter.5}{Anisotrop\355as en las direcciones de arribo de los rayos c\363smicos}{}% 30
\BOOKMARK [1][-]{section.5.1}{Introducci\363n}{chapter.5}% 31
\BOOKMARK [1][-]{section.5.2}{M\351todos}{chapter.5}% 32
\BOOKMARK [2][-]{subsection.5.2.1}{Exposici\363n del detector}{section.5.2}% 33
\BOOKMARK [2][-]{subsection.5.2.2}{An\341lisis en ascensi\363n recta}{section.5.2}% 34
\BOOKMARK [1][-]{section.5.3}{Caracter\355sticas de los datos}{chapter.5}% 35
\BOOKMARK [1][-]{section.5.4}{Anisotrop\355as en ascensi\363n recta en los archivos del ICRC 2017 y ICRC 2019}{chapter.5}% 36
\BOOKMARK [2][-]{subsection.5.4.1}{Eventos por encima de 8 EeV }{section.5.4}% 37
\BOOKMARK [1][-]{section.5.5}{Anisotrop\355as en ascensi\363n recta en los archivos con todos los disparos}{chapter.5}% 38
\BOOKMARK [2][-]{subsection.5.5.1}{Caracter\355sticas de los archivos de datos analizados}{section.5.5}% 39
\BOOKMARK [2][-]{subsection.5.5.2}{Eventos por encima de 1 EeV }{section.5.5}% 40
\BOOKMARK [0][-]{chapter.6}{Conclusiones}{}% 41
\BOOKMARK [0][-]{appendix.Alph1}{Este cap\355tulo es una ayuda-memoria}{}% 42
\BOOKMARK [1][-]{section.Alph1.1}{An\341lisis de los parametros del clima}{appendix.Alph1}% 43
\BOOKMARK [2][-]{subsection.Alph1.1.1}{Preparando los datos}{section.Alph1.1}% 44
\BOOKMARK [2][-]{subsection.Alph1.1.2}{Agregar a cada evento el clima}{section.Alph1.1}% 45
\BOOKMARK [2][-]{subsection.Alph1.1.3}{Haciendo el ajuste}{section.Alph1.1}% 46
\BOOKMARK [2][-]{subsection.Alph1.1.4}{Problemas que tuve con el ajuste}{section.Alph1.1}% 47
