

*******************************************************************************
Mon Dec 16 21:41:53 2019


FIT:    data read from "../../HDD_weather/Herald_S38_S1000_expected/expected_above_2EeV_hour_of_the_day.dat" u 0:(0.000+2.566*24*$2/($4)):(2.566*24*sqrt($2)/($4)) yerr
        format = x:z:s
        x range restricted to [-1.00000 : 24.0000]
        #datapoints = 24
function used for fitting: a
fitted parameters initialized with current variable values

iter      chisq       delta/lim  lambda   a            
   0 3.3444514961e+01   0.00e+00  1.08e+02    3.921978e-02
   2 3.3443226718e+01  -6.16e-03  1.08e+00    3.921713e-02

After 2 iterations the fit converged.
final sum of squares of residuals : 33.4432
rel. change during last iteration : -6.16325e-08

degrees of freedom    (FIT_NDF)                        : 23
rms of residuals      (FIT_STDFIT) = sqrt(WSSR/ndf)    : 1.20584
variance of residuals (reduced chisquare) = WSSR/ndf   : 1.45405
p-value of the Chisq distribution (FIT_P)              : 0.0736488

Final set of parameters            Asymptotic Standard Error
=======================            ==========================
a               = 0.0392171        +/- 8.918e-05    (0.2274%)


*******************************************************************************
Mon Dec 16 21:41:53 2019


FIT:    data read from "../../HDD_weather/Herald/herald_above_2EeV_hour_of_the_day.dat" u 0:(0.000+2.566*24*$2/($4)):(2.566*24*sqrt($2)/($4)) yerr
        format = x:z:s
        x range restricted to [-1.00000 : 24.0000]
        #datapoints = 24
function used for fitting: a
fitted parameters initialized with current variable values

iter      chisq       delta/lim  lambda   a            
   0 9.7704515960e+01   0.00e+00  1.09e+02    3.921978e-02
   3 2.9600554769e+01  -6.39e-05  1.09e-01    3.861415e-02

After 3 iterations the fit converged.
final sum of squares of residuals : 29.6006
rel. change during last iteration : -6.3857e-10

degrees of freedom    (FIT_NDF)                        : 23
rms of residuals      (FIT_STDFIT) = sqrt(WSSR/ndf)    : 1.13445
variance of residuals (reduced chisquare) = WSSR/ndf   : 1.28698
p-value of the Chisq distribution (FIT_P)              : 0.161215

Final set of parameters            Asymptotic Standard Error
=======================            ==========================
a               = 0.0386141        +/- 8.325e-05    (0.2156%)


*******************************************************************************
Mon Dec 16 21:41:53 2019


FIT:    data read from "../../HDD_weather_2019/Herald_S38_S1000_expected/expected_above_2EeV_hour_of_the_day.dat" u 0:(0.000+2.566*24*$2/($4)):(2.566*24*sqrt($2)/($4))  yerr
        format = x:z:s
        x range restricted to [-1.00000 : 24.0000]
        #datapoints = 24
function used for fitting: a
fitted parameters initialized with current variable values

iter      chisq       delta/lim  lambda   a            
   0 5.5879409929e+01   0.00e+00  1.22e+02    3.921978e-02
   3 4.0254269501e+01  -1.08e-05  1.22e-01    3.947909e-02

After 3 iterations the fit converged.
final sum of squares of residuals : 40.2543
rel. change during last iteration : -1.07733e-10

degrees of freedom    (FIT_NDF)                        : 23
rms of residuals      (FIT_STDFIT) = sqrt(WSSR/ndf)    : 1.32295
variance of residuals (reduced chisquare) = WSSR/ndf   : 1.75019
p-value of the Chisq distribution (FIT_P)              : 0.0143905

Final set of parameters            Asymptotic Standard Error
=======================            ==========================
a               = 0.0394791        +/- 8.679e-05    (0.2198%)


*******************************************************************************
Mon Dec 16 21:41:53 2019


FIT:    data read from "../../HDD_weather_2019/Herald_S38_S1000_expected/expected_above_2EeV_hour_of_the_day.dat" u 0:(0.000+2.566*24*$2/($4)):(2.566*24*sqrt($2)/($4))  yerr
        format = x:z:s
        x range restricted to [-1.00000 : 24.0000]
        #datapoints = 24
function used for fitting: a
fitted parameters initialized with current variable values

iter      chisq       delta/lim  lambda   a            
   0 1.4741419904e+02   0.00e+00  1.21e+02    3.880000e-02
   3 4.0254269501e+01  -7.39e-05  1.21e-01    3.947909e-02

After 3 iterations the fit converged.
final sum of squares of residuals : 40.2543
rel. change during last iteration : -7.3885e-10

degrees of freedom    (FIT_NDF)                        : 23
rms of residuals      (FIT_STDFIT) = sqrt(WSSR/ndf)    : 1.32295
variance of residuals (reduced chisquare) = WSSR/ndf   : 1.75019
p-value of the Chisq distribution (FIT_P)              : 0.0143905

Final set of parameters            Asymptotic Standard Error
=======================            ==========================
a               = 0.0394791        +/- 8.679e-05    (0.2198%)


*******************************************************************************
Mon Dec 16 21:42:48 2019


FIT:    data read from "../../HDD_weather/Herald_S38_S1000_expected/expected_above_2EeV_hour_of_the_day.dat" u 0:(0.000+2.566*24*$2/($4)):(2.566*24*sqrt($2)/($4)) yerr
        format = x:z:s
        x range restricted to [-1.00000 : 24.0000]
        #datapoints = 24
function used for fitting: a
fitted parameters initialized with current variable values

iter      chisq       delta/lim  lambda   a            
   0 3.3444514961e+01   0.00e+00  1.08e+02    3.921978e-02
   2 3.3443226718e+01  -6.16e-03  1.08e+00    3.921713e-02

After 2 iterations the fit converged.
final sum of squares of residuals : 33.4432
rel. change during last iteration : -6.16325e-08

degrees of freedom    (FIT_NDF)                        : 23
rms of residuals      (FIT_STDFIT) = sqrt(WSSR/ndf)    : 1.20584
variance of residuals (reduced chisquare) = WSSR/ndf   : 1.45405
p-value of the Chisq distribution (FIT_P)              : 0.0736488

Final set of parameters            Asymptotic Standard Error
=======================            ==========================
a               = 0.0392171        +/- 8.918e-05    (0.2274%)


*******************************************************************************
Mon Dec 16 21:42:48 2019


FIT:    data read from "../../HDD_weather/Herald/herald_above_2EeV_hour_of_the_day.dat" u 0:(0.000+2.566*24*$2/($4)):(2.566*24*sqrt($2)/($4)) yerr
        format = x:z:s
        x range restricted to [-1.00000 : 24.0000]
        #datapoints = 24
function used for fitting: a
fitted parameters initialized with current variable values

iter      chisq       delta/lim  lambda   a            
   0 9.7704515960e+01   0.00e+00  1.09e+02    3.921978e-02
   3 2.9600554769e+01  -6.39e-05  1.09e-01    3.861415e-02

After 3 iterations the fit converged.
final sum of squares of residuals : 29.6006
rel. change during last iteration : -6.3857e-10

degrees of freedom    (FIT_NDF)                        : 23
rms of residuals      (FIT_STDFIT) = sqrt(WSSR/ndf)    : 1.13445
variance of residuals (reduced chisquare) = WSSR/ndf   : 1.28698
p-value of the Chisq distribution (FIT_P)              : 0.161215

Final set of parameters            Asymptotic Standard Error
=======================            ==========================
a               = 0.0386141        +/- 8.325e-05    (0.2156%)


*******************************************************************************
Mon Dec 16 21:42:48 2019


FIT:    data read from "../../HDD_weather_2019/Herald_S38_S1000_expected/expected_above_2EeV_hour_of_the_day.dat" u 0:(0.000+2.566*24*$2/($4)):(2.566*24*sqrt($2)/($4))  yerr
        format = x:z:s
        x range restricted to [-1.00000 : 24.0000]
        #datapoints = 24
function used for fitting: a
fitted parameters initialized with current variable values

iter      chisq       delta/lim  lambda   a            
   0 5.5879409929e+01   0.00e+00  1.22e+02    3.921978e-02
   3 4.0254269501e+01  -1.08e-05  1.22e-01    3.947909e-02

After 3 iterations the fit converged.
final sum of squares of residuals : 40.2543
rel. change during last iteration : -1.07733e-10

degrees of freedom    (FIT_NDF)                        : 23
rms of residuals      (FIT_STDFIT) = sqrt(WSSR/ndf)    : 1.32295
variance of residuals (reduced chisquare) = WSSR/ndf   : 1.75019
p-value of the Chisq distribution (FIT_P)              : 0.0143905

Final set of parameters            Asymptotic Standard Error
=======================            ==========================
a               = 0.0394791        +/- 8.679e-05    (0.2198%)


*******************************************************************************
Mon Dec 16 21:42:48 2019


FIT:    data read from "../../HDD_weather_2019/Herald_S38_S1000_expected/expected_above_2EeV_hour_of_the_day.dat" u 0:(0.000+2.566*24*$2/($4)):(2.566*24*sqrt($2)/($4))  yerr
        format = x:z:s
        x range restricted to [-1.00000 : 24.0000]
        #datapoints = 24
function used for fitting: a
fitted parameters initialized with current variable values

iter      chisq       delta/lim  lambda   a            
   0 1.4741419904e+02   0.00e+00  1.21e+02    3.880000e-02
   3 4.0254269501e+01  -7.39e-05  1.21e-01    3.947909e-02

After 3 iterations the fit converged.
final sum of squares of residuals : 40.2543
rel. change during last iteration : -7.3885e-10

degrees of freedom    (FIT_NDF)                        : 23
rms of residuals      (FIT_STDFIT) = sqrt(WSSR/ndf)    : 1.32295
variance of residuals (reduced chisquare) = WSSR/ndf   : 1.75019
p-value of the Chisq distribution (FIT_P)              : 0.0143905

Final set of parameters            Asymptotic Standard Error
=======================            ==========================
a               = 0.0394791        +/- 8.679e-05    (0.2198%)


*******************************************************************************
Mon Dec 16 21:43:28 2019


FIT:    data read from "../../HDD_weather/Herald_S38_S1000_expected/expected_above_2EeV_hour_of_the_day.dat" u 0:(0.000+2.566*24*$2/($4)):(2.566*24*sqrt($2)/($4)) yerr
        format = x:z:s
        x range restricted to [-1.00000 : 24.0000]
        #datapoints = 24
function used for fitting: a
fitted parameters initialized with current variable values

iter      chisq       delta/lim  lambda   a            
   0 3.3444514961e+01   0.00e+00  1.08e+02    3.921978e-02
   2 3.3443226718e+01  -6.16e-03  1.08e+00    3.921713e-02

After 2 iterations the fit converged.
final sum of squares of residuals : 33.4432
rel. change during last iteration : -6.16325e-08

degrees of freedom    (FIT_NDF)                        : 23
rms of residuals      (FIT_STDFIT) = sqrt(WSSR/ndf)    : 1.20584
variance of residuals (reduced chisquare) = WSSR/ndf   : 1.45405
p-value of the Chisq distribution (FIT_P)              : 0.0736488

Final set of parameters            Asymptotic Standard Error
=======================            ==========================
a               = 0.0392171        +/- 8.918e-05    (0.2274%)


*******************************************************************************
Mon Dec 16 21:43:28 2019


FIT:    data read from "../../HDD_weather/Herald/herald_above_2EeV_hour_of_the_day.dat" u 0:(0.000+2.566*24*$2/($4)):(2.566*24*sqrt($2)/($4)) yerr
        format = x:z:s
        x range restricted to [-1.00000 : 24.0000]
        #datapoints = 24
function used for fitting: a
fitted parameters initialized with current variable values

iter      chisq       delta/lim  lambda   a            
   0 9.7704515960e+01   0.00e+00  1.09e+02    3.921978e-02
   3 2.9600554769e+01  -6.39e-05  1.09e-01    3.861415e-02

After 3 iterations the fit converged.
final sum of squares of residuals : 29.6006
rel. change during last iteration : -6.3857e-10

degrees of freedom    (FIT_NDF)                        : 23
rms of residuals      (FIT_STDFIT) = sqrt(WSSR/ndf)    : 1.13445
variance of residuals (reduced chisquare) = WSSR/ndf   : 1.28698
p-value of the Chisq distribution (FIT_P)              : 0.161215

Final set of parameters            Asymptotic Standard Error
=======================            ==========================
a               = 0.0386141        +/- 8.325e-05    (0.2156%)


*******************************************************************************
Mon Dec 16 21:43:28 2019


FIT:    data read from "../../HDD_weather_2019/Herald_S38_S1000_expected/expected_above_2EeV_hour_of_the_day.dat" u 0:(0.000+2.566*24*$2/($4)):(2.566*24*sqrt($2)/($4))  yerr
        format = x:z:s
        x range restricted to [-1.00000 : 24.0000]
        #datapoints = 24
function used for fitting: a
fitted parameters initialized with current variable values

iter      chisq       delta/lim  lambda   a            
   0 5.5879409929e+01   0.00e+00  1.22e+02    3.921978e-02
   3 4.0254269501e+01  -1.08e-05  1.22e-01    3.947909e-02

After 3 iterations the fit converged.
final sum of squares of residuals : 40.2543
rel. change during last iteration : -1.07733e-10

degrees of freedom    (FIT_NDF)                        : 23
rms of residuals      (FIT_STDFIT) = sqrt(WSSR/ndf)    : 1.32295
variance of residuals (reduced chisquare) = WSSR/ndf   : 1.75019
p-value of the Chisq distribution (FIT_P)              : 0.0143905

Final set of parameters            Asymptotic Standard Error
=======================            ==========================
a               = 0.0394791        +/- 8.679e-05    (0.2198%)


*******************************************************************************
Mon Dec 16 21:43:28 2019


FIT:    data read from "../../HDD_weather_2019/Herald_S38_S1000_expected/expected_above_2EeV_hour_of_the_day.dat" u 0:(0.000+2.566*24*$2/($4)):(2.566*24*sqrt($2)/($4))  yerr
        format = x:z:s
        x range restricted to [-1.00000 : 24.0000]
        #datapoints = 24
function used for fitting: a
fitted parameters initialized with current variable values

iter      chisq       delta/lim  lambda   a            
   0 1.4741419904e+02   0.00e+00  1.21e+02    3.880000e-02
   3 4.0254269501e+01  -7.39e-05  1.21e-01    3.947909e-02

After 3 iterations the fit converged.
final sum of squares of residuals : 40.2543
rel. change during last iteration : -7.3885e-10

degrees of freedom    (FIT_NDF)                        : 23
rms of residuals      (FIT_STDFIT) = sqrt(WSSR/ndf)    : 1.32295
variance of residuals (reduced chisquare) = WSSR/ndf   : 1.75019
p-value of the Chisq distribution (FIT_P)              : 0.0143905

Final set of parameters            Asymptotic Standard Error
=======================            ==========================
a               = 0.0394791        +/- 8.679e-05    (0.2198%)
