

*******************************************************************************
Tue Dec  3 18:34:44 2019


FIT:    data read from "hod_2eev.dat" u 1:2
        format = x:z
        #datapoints = 24
        residuals are weighted equally (unit weight)

function used for fitting: a
fitted parameters initialized with current variable values

iter      chisq       delta/lim  lambda   a            
   0 2.3969236156e+01   0.00e+00  1.00e+00    1.000000e+00
   4 1.0910623110e-09  -1.06e-05  1.00e-04    6.411190e-04

After 4 iterations the fit converged.
final sum of squares of residuals : 1.09106e-09
rel. change during last iteration : -1.05856e-10

degrees of freedom    (FIT_NDF)                        : 23
rms of residuals      (FIT_STDFIT) = sqrt(WSSR/ndf)    : 6.88749e-06
variance of residuals (reduced chisquare) = WSSR/ndf   : 4.74375e-11

Final set of parameters            Asymptotic Standard Error
=======================            ==========================
a               = 0.000641119      +/- 1.406e-06    (0.2193%)
