\BOOKMARK [0][-]{section*.1}{\315ndice de s\355mbolos}{}% 1
\BOOKMARK [0][-]{section*.3}{\315ndice de contenidos}{}% 2
\BOOKMARK [0][-]{section*.5}{\315ndice de figuras}{}% 3
\BOOKMARK [0][-]{chapter.1}{Introducci\363n}{}% 4
\BOOKMARK [1][-]{section.1.1}{Acerca de todos los disparos del SD}{chapter.1}% 5
\BOOKMARK [1][-]{section.1.2}{Acerca de los eventos}{chapter.1}% 6
\BOOKMARK [2][-]{subsection.1.2.1}{Acerca del registro de hex\341gonos}{section.1.2}% 7
\BOOKMARK [1][-]{section.1.3}{Acerca de la tesis de licenciatura}{chapter.1}% 8
\BOOKMARK [0][-]{chapter.2}{M\351todos}{}% 9
\BOOKMARK [1][-]{section.2.1}{C\341lculo de los coeficientes de Fourier para el an\341lisis de anisotrop\355a en ascensi\363n recta}{chapter.2}% 10
\BOOKMARK [2][-]{subsection.2.1.1}{Variaciones relativas de los hex\341gonos}{section.2.1}% 11
\BOOKMARK [2][-]{subsection.2.1.2}{C\341lculo de Rayleigh en ascensi\363n recta para una frecuencia dada}{section.2.1}% 12
\BOOKMARK [0][-]{chapter.3}{Dipolo en el rango 1 EeV - 2 EeV}{}% 13
\BOOKMARK [1][-]{section.3.1}{Caracter\355sticas del conjunto de datos}{chapter.3}% 14
\BOOKMARK [2][-]{subsection.3.1.1}{Pesos de los eventos para frecuencias de referencia}{section.3.1}% 15
\BOOKMARK [1][-]{section.3.2}{An\341lisis de anisotrop\355as en ascensi\363n recta para el primer arm\363nico}{chapter.3}% 16
\BOOKMARK [2][-]{subsection.3.2.1}{Trabajo a futuro}{section.3.2}% 17
\BOOKMARK [0][-]{appendix.Alph1}{Cosas para hacer: Mails con Mollerach y correcciones}{}% 18
\BOOKMARK [1][-]{section.Alph1.1}{Fecha: 27/05/2020}{appendix.Alph1}% 19
\BOOKMARK [1][-]{section.Alph1.2}{Fecha: 28/05/2020}{appendix.Alph1}% 20
\BOOKMARK [1][-]{section.Alph1.3}{Fecha: 09/06/2020}{appendix.Alph1}% 21
\BOOKMARK [1][-]{section.Alph1.4}{Fecha 15-06-2020}{appendix.Alph1}% 22
\BOOKMARK [1][-]{section.Alph1.5}{Fecha: 14 de Julio de 2020 - Comentarios de Harari}{appendix.Alph1}% 23
\BOOKMARK [1][-]{section.Alph1.6}{Despu\351s de vacaciones. Fecha: 11 de Agosto de 2020}{appendix.Alph1}% 24
\BOOKMARK [0][-]{section*.22}{Bibliograf\355a}{}% 25
