\BOOKMARK [0][-]{chapter.1}{report 1 13 04 2020}{}% 1
\BOOKMARK [1][-]{section.1.1}{Dudas sobre los pesos}{chapter.1}% 2
\BOOKMARK [1][-]{section.1.2}{Duda sobre los algoritmos}{chapter.1}% 3
\BOOKMARK [1][-]{section.1.3}{Para N=288}{chapter.1}% 4
\BOOKMARK [0][-]{chapter.2}{report 2 27 04 2020}{}% 5
\BOOKMARK [1][-]{section.2.1}{Anisotrop\355as considerando el peso de los hex\341gonos}{chapter.2}% 6
\BOOKMARK [2][-]{subsection.2.1.1}{Verificando que todo funcione como debe}{section.2.1}% 7
\BOOKMARK [2][-]{subsection.2.1.2}{Variaci\363n de los pesos en funci\363n de la ascensi\363n recta}{section.2.1}% 8
\BOOKMARK [2][-]{subsection.2.1.3}{Ampliando el rango de tiempo para el archivo del disparo est\341ndar}{section.2.1}% 9
\BOOKMARK [0][-]{chapter.3}{report 3 07 05 2020}{}% 10
\BOOKMARK [1][-]{subsection.3.0.1}{Rango de tiempo}{chapter.3}% 11
\BOOKMARK [2][-]{subsection.3.0.2}{Tasa de eventos}{subsection.3.0.1}% 12
\BOOKMARK [2][-]{subsection.3.0.3}{P\341rametros del clima}{subsection.3.0.1}% 13
\BOOKMARK [2][-]{subsection.3.0.4}{Anisotrop\355a en el rango 1-2 EeV}{subsection.3.0.1}% 14
\BOOKMARK [0][-]{chapter.4}{report 4 12 05 2020}{}% 15
\BOOKMARK [1][-]{section.4.1}{Pesos de los hex\341gonos}{chapter.4}% 16
\BOOKMARK [1][-]{section.4.2}{Anisotrop\355a}{chapter.4}% 17
\BOOKMARK [2][-]{subsection.4.2.1}{Lista detallada de los filtros aplicados de datos del herald}{section.4.2}% 18
\BOOKMARK [2][-]{subsection.4.2.2}{An\341lisis en frecuencia}{section.4.2}% 19
\BOOKMARK [1][-]{section.4.3}{Correcci\363n del clima}{chapter.4}% 20
\BOOKMARK [0][-]{chapter.5}{report 5 22 05 2020}{}% 21
