\BOOKMARK [0][-]{section*.1}{\315ndice de s\355mbolos}{}% 1
\BOOKMARK [0][-]{section*.3}{\315ndice de contenidos}{}% 2
\BOOKMARK [0][-]{section*.5}{\315ndice de figuras}{}% 3
\BOOKMARK [0][-]{chapter.1}{Introducci\363n}{}% 4
\BOOKMARK [1][-]{section.1.1}{Acerca de la tesis de licenciatura}{chapter.1}% 5
\BOOKMARK [1][-]{section.1.2}{Acerca de todos los disparos del SD}{chapter.1}% 6
\BOOKMARK [1][-]{section.1.3}{Acerca de los eventos}{chapter.1}% 7
\BOOKMARK [1][-]{section.1.4}{Acerca del registro de hex\341gonos}{chapter.1}% 8
\BOOKMARK [0][-]{chapter.2}{M\351todos}{}% 9
\BOOKMARK [1][-]{section.2.1}{C\341lculo de los coeficientes de Fourier para el an\341lisis de anisotrop\355a en ascensi\363n recta}{chapter.2}% 10
\BOOKMARK [2][-]{subsection.2.1.1}{Variaciones relativas de los hex\341gonos}{section.2.1}% 11
\BOOKMARK [2][-]{subsection.2.1.2}{C\341lculo de Rayleigh para una frecuencia dada}{section.2.1}% 12
\BOOKMARK [0][-]{chapter.3}{Fuera del canon}{}% 13
\BOOKMARK [1][-]{section.3.1}{Caracter\355sticas de los datos}{chapter.3}% 14
\BOOKMARK [1][-]{section.3.2}{Anisotrop\355as en ascensi\363n recta en los archivos del ICRC 2017 y ICRC 2019}{chapter.3}% 15
\BOOKMARK [2][-]{subsection.3.2.1}{Eventos por encima de 8 EeV }{section.3.2}% 16
\BOOKMARK [1][-]{section.3.3}{Anisotrop\355as en ascensi\363n recta en los archivos con todos los disparos}{chapter.3}% 17
\BOOKMARK [2][-]{subsection.3.3.1}{Caracter\355sticas de los archivos de datos analizados}{section.3.3}% 18
\BOOKMARK [2][-]{subsection.3.3.2}{Eventos por encima de 1 EeV }{section.3.3}% 19
\BOOKMARK [2][-]{subsection.3.3.3}{Eventos entre 1 EeV y 2 EeV }{section.3.3}% 20
\BOOKMARK [2][-]{subsection.3.3.4}{Eventos por encima de 8 EeV }{section.3.3}% 21
\BOOKMARK [0][-]{chapter.4}{Modulaci\363n del clima para todos los disparos \(2014-2020\)}{}% 22
\BOOKMARK [1][-]{section.4.1}{Pesos de los hex\341gonos}{chapter.4}% 23
\BOOKMARK [1][-]{section.4.2}{Anisotrop\355a}{chapter.4}% 24
\BOOKMARK [2][-]{subsection.4.2.1}{Lista detallada de los filtros aplicados de datos del herald}{section.4.2}% 25
\BOOKMARK [2][-]{subsection.4.2.2}{An\341lisis en frecuencia}{section.4.2}% 26
\BOOKMARK [1][-]{section.4.3}{Correcci\363n del clima}{chapter.4}% 27
\BOOKMARK [1][-]{section.4.4}{Pesos de los hex\341gonos}{chapter.4}% 28
\BOOKMARK [1][-]{section.4.5}{Anisotrop\355a}{chapter.4}% 29
\BOOKMARK [2][-]{subsection.4.5.1}{Lista detallada de los filtros aplicados de datos del herald}{section.4.5}% 30
\BOOKMARK [2][-]{subsection.4.5.2}{An\341lisis en frecuencia}{section.4.5}% 31
\BOOKMARK [1][-]{section.4.6}{Correcci\363n del clima}{chapter.4}% 32
\BOOKMARK [0][-]{chapter.5}{Dipolo en el rango 1 EeV - 2 EeV}{}% 33
\BOOKMARK [1][-]{section.5.1}{Caracter\355sticas del conjunto de datos}{chapter.5}% 34
\BOOKMARK [1][-]{section.5.2}{Pesos de los eventos para frecuencias de referencia}{chapter.5}% 35
\BOOKMARK [2][-]{subsection.5.2.1}{Gr\341ficos de los ajustes}{section.5.2}% 36
\BOOKMARK [2][-]{subsection.5.2.2}{Tabla comparando los ajustes:}{section.5.2}% 37
\BOOKMARK [1][-]{section.5.3}{Gr\341fico de la anisotrop\355a}{chapter.5}% 38
\BOOKMARK [0][-]{section*.72}{Bibliograf\355a}{}% 39
