\BOOKMARK [0][-]{section*.1}{Informe de Avance}{}% 1
\BOOKMARK [1][-]{section*.2}{Introducci\363n}{section*.1}% 2
\BOOKMARK [1][-]{section*.3}{Acerca de la tesis de licenciatura}{section*.1}% 3
\BOOKMARK [1][-]{section*.4}{Acerca del archivo con todos los disparos}{section*.1}% 4
\BOOKMARK [1][-]{section*.5}{Acerca de los eventos}{section*.1}% 5
\BOOKMARK [1][-]{section*.6}{C\341lculo de los coeficientes de Fourier para el an\341lisis de anisotrop\355a en ascensi\363n recta}{section*.1}% 6
\BOOKMARK [2][-]{section*.7}{Variaciones relativas de los hex\341gonos}{section*.6}% 7
\BOOKMARK [2][-]{section*.10}{C\341lculo de Rayleigh para una frecuencia dada}{section*.6}% 8
\BOOKMARK [1][-]{section*.12}{Report \0432: 27/04/2020 - Anisotrop\355as para todos los disparos y pesos de los hex\341gonos}{section*.1}% 9
\BOOKMARK [1][-]{section*.13}{Anisotrop\355as considerando el peso de los hex\341gonos}{section*.1}% 10
\BOOKMARK [2][-]{section*.14}{Verificando que todo funcione como debe}{section*.13}% 11
\BOOKMARK [3][-]{section*.15}{Comparando con los datos de Oscar}{section*.14}% 12
\BOOKMARK [3][-]{section*.16}{\277An\341lisis en frecuencia de los hex\341gonos?}{section*.14}% 13
\BOOKMARK [3][-]{section*.17}{Comparando los pesos en sid\351rea, solar y antisiderea.}{section*.14}% 14
\BOOKMARK [2][-]{section*.21}{Variaci\363n de los pesos en funci\363n de la ascensi\363n recta}{section*.13}% 15
\BOOKMARK [3][-]{section*.23}{Energ\355a entre 1EeV y 2EeV}{section*.21}% 16
\BOOKMARK [3][-]{section*.26}{Energ\355a entre 2EeV y 4EeV}{section*.21}% 17
\BOOKMARK [3][-]{section*.28}{Energ\355a entre 4EeV y 8EeV}{section*.21}% 18
\BOOKMARK [3][-]{section*.30}{Energ\355a sobre 8EeV}{section*.21}% 19
\BOOKMARK [2][-]{section*.32}{Ampliando el rango de tiempo para el archivo del disparo est\341ndar}{section*.13}% 20
\BOOKMARK [3][-]{section*.34}{Energ\355a entre 4EeV y 8EeV}{section*.32}% 21
\BOOKMARK [3][-]{section*.36}{Energ\355a sobre 8EeV}{section*.32}% 22
\BOOKMARK [1][-]{section*.38}{Reconstrucci\363n de energ\355a}{section*.1}% 23
\BOOKMARK [2][-]{section*.39}{Rango de tiempo}{section*.38}% 24
\BOOKMARK [2][-]{section*.41}{Tasa de eventos}{section*.38}% 25
\BOOKMARK [2][-]{section*.44}{P\341rametros del clima}{section*.38}% 26
\BOOKMARK [2][-]{section*.49}{Anisotrop\355a en el rango 1-2 EeV}{section*.38}% 27
\BOOKMARK [1][-]{section*.51}{Introducci\363n}{section*.1}% 28
\BOOKMARK [1][-]{section*.53}{Update}{section*.1}% 29
\BOOKMARK [2][-]{section*.54}{C\341lculo de Rayleigh.}{section*.53}% 30
\BOOKMARK [2][-]{section*.55}{Pesos de los hex\341gonos}{section*.53}% 31
\BOOKMARK [2][-]{section*.58}{C\341lculo de Rayleigh.}{section*.53}% 32
\BOOKMARK [2][-]{section*.59}{Resultados con el rango de energ\355a 1 EeV - 2 EeV}{section*.53}% 33
\BOOKMARK [1][-]{section*.61}{Report \0434: 12/05/2020 - Modulaci\363n del clima para todos los disparos \(2014-2020\)}{section*.1}% 34
\BOOKMARK [1][-]{section*.62}{Pesos de los hex\341gonos}{section*.1}% 35
\BOOKMARK [1][-]{section*.64}{Anisotrop\355a}{section*.1}% 36
\BOOKMARK [2][-]{section*.66}{Lista detallada de los filtros aplicados de datos del herald}{section*.64}% 37
\BOOKMARK [3][-]{section*.67}{Datos para el an\341lisis de anisotrop\355a}{section*.66}% 38
\BOOKMARK [3][-]{section*.68}{Datos para el c\341lculo de las correcciones del clima}{section*.66}% 39
\BOOKMARK [2][-]{section*.70}{An\341lisis en frecuencia}{section*.64}% 40
\BOOKMARK [1][-]{section*.72}{Correcci\363n del clima}{section*.1}% 41
\BOOKMARK [1][-]{section*.77}{Dipolo en el bin 1 EeV - 2 EeV}{section*.1}% 42
\BOOKMARK [2][-]{section*.78}{Caracter\355sticas del conjunto de datos}{section*.77}% 43
\BOOKMARK [2][-]{section*.79}{Grafico de la anisotropia}{section*.77}% 44
\BOOKMARK [3][-]{section*.80}{Tabla comparando:}{section*.79}% 45
\BOOKMARK [3][-]{section*.84}{An\341lisis de anisotrop\355as en ascensi\363n recta}{section*.79}% 46
\BOOKMARK [3][-]{section*.88}{Bineado de eventos \(va a ir al final\)}{section*.79}% 47
\BOOKMARK [1][-]{section*.90}{Referencias}{section*.1}% 48
