\BOOKMARK [0][-]{chapter.1}{M\351todo East-West}{}% 1
\BOOKMARK [1][-]{section.1.1}{C\341lculo de la amplitud del dipolo para la frecuencia sid\351rea con el m\351todo East-West}{chapter.1}% 2
\BOOKMARK [1][-]{section.1.2}{C\363mo se hace el c\341lculo para frecuencias arbitrarias}{chapter.1}% 3
\BOOKMARK [1][-]{section.1.3}{Verificaci\363n del c\363digo}{chapter.1}% 4
\BOOKMARK [2][-]{subsection.1.3.1}{Comparaci\363n con el trabajo Aab2020 de la colaboraci\363n}{section.1.3}% 5
\BOOKMARK [2][-]{subsection.1.3.2}{Tabla comparando con Right ascension}{section.1.3}% 6
\BOOKMARK [0][-]{chapter.2}{Distribuci\363n de probabilidad de la amplitud del dipolo}{}% 7
\BOOKMARK [1][-]{section.2.1}{Distribuci\363n de probabilidad}{chapter.2}% 8
\BOOKMARK [2][-]{subsection.2.1.1}{Haciendo la cuenta de los m\341rgenes de confianza de la amplitud}{section.2.1}% 9
\BOOKMARK [0][-]{chapter.3}{Resultados del m\351todo EW}{}% 10
\BOOKMARK [1][-]{section.3.1}{Tabla cantidad de eventos para distintos rangos de energ\355a}{chapter.3}% 11
\BOOKMARK [1][-]{section.3.2}{Resultados en distintos rangos de energ\355a}{chapter.3}% 12
\BOOKMARK [2][-]{subsection.3.2.1}{Resultados en el rango 0.25 EeV - 0.5 EeV}{section.3.2}% 13
\BOOKMARK [2][-]{subsection.3.2.2}{Resultados en el rango 0.5 EeV - 1 EeV}{section.3.2}% 14
\BOOKMARK [2][-]{subsection.3.2.3}{Resultados en el rango 1 EeV - 2 EeV}{section.3.2}% 15
\BOOKMARK [1][-]{section.3.3}{Gr\341ficos}{chapter.3}% 16
\BOOKMARK [1][-]{section.3.4}{Comparando resultados entre m\351todos para barridos de frecuencias}{chapter.3}% 17
\BOOKMARK [1][-]{section.3.5}{Verificaci\363n del c\363digo escrito durante la maestr\355a}{chapter.3}% 18
\BOOKMARK [1][-]{section.3.6}{Comparando amplitud en funci\363n de la frecuencia}{chapter.3}% 19
\BOOKMARK [0][-]{section*.27}{Bibliograf\355a}{}% 20
